2024-07-14T20:09:35.138939Z  INFO telemetry: job_telemetry_init artifact_type=installed branch=origin/52eb71279225b39fd86ea35a1652aea7b672a04d ci_number=20240705.2 ci_name=CommonRuntime-Linux-prod-build-OneBranchOfficial build_time=2024-07-05 17:26:55.246905
2024-07-14T20:09:35.139246Z  INFO load_config_from_env: lifecycler::config: Resolved grpc addresses lifecycler_address=/mnt/azureml/cr/j/03d3066d4ea6471e9abe3ff8c10030d2/.grpc/lifecycler:0 executor_address=/mnt/azureml/cr/j/03d3066d4ea6471e9abe3ff8c10030d2/.grpc/executor:0
2024-07-14T20:09:35.139580Z  INFO load_config_from_env:load_capability_addresses_from_env{capability_endpoints_from_config={"CS_CAPABILITY": CapabilityEndpoint { name: "CS_CAPABILITY", address: "/mnt/azureml/cr/j/03d3066d4ea6471e9abe3ff8c10030d2/.grpc/cs-capability:0", type: Service }, "DATA_CAPABILITY": CapabilityEndpoint { name: "DATA_CAPABILITY", address: "/mnt/azureml/cr/j/03d3066d4ea6471e9abe3ff8c10030d2/.grpc/data-capability:0", type: Service }, "HOSTTOOLS_CAPABILITY": CapabilityEndpoint { name: "HOSTTOOLS_CAPABILITY", address: "/mnt/azureml/cr/j/03d3066d4ea6471e9abe3ff8c10030d2/.grpc/hosttools-capability:0", type: Service }, "METRICS_CAPABILITY": CapabilityEndpoint { name: "METRICS_CAPABILITY", address: "/mnt/azureml/cr/j/03d3066d4ea6471e9abe3ff8c10030d2/.grpc/metrics-capability:0", type: Service }, "SNAPSHOT_CAPABILITY": CapabilityEndpoint { name: "SNAPSHOT_CAPABILITY", address: "/mnt/azureml/cr/j/03d3066d4ea6471e9abe3ff8c10030d2/.grpc/snapshot-capability:0", type: Service }}}: lifecycler::config: close time.busy=224µs time.idle=46.5µs
2024-07-14T20:09:35.139698Z  INFO load_config_from_env: lifecycler::config: close time.busy=597µs time.idle=17.6µs
2024-07-14T20:09:35.139812Z  INFO run_lifecycler:run_service_and_step_through_lifecycle: lifecycler::lifecycle: distributed config is not specified, skip setting up distributed barrier
2024-07-14T20:09:35.140519Z  INFO Lifecycler::run_service{distributed_state_sender=None}: lifecycler::service: serving lifecycle service address=/mnt/azureml/cr/j/03d3066d4ea6471e9abe3ff8c10030d2/.grpc/lifecycler:0
2024-07-14T20:09:35.140734Z  INFO Lifecycler::run_service{distributed_state_sender=None}:serve_more: grpc_utils::endpoint::serve: serving gRPC service endpoint=Uds("/mnt/azureml/cr/j/03d3066d4ea6471e9abe3ff8c10030d2/.grpc/lifecycler:0") retry=ExponentialBackoffRetry { retry_delay_secs: 2, delay_factor: 1000, num_retries: 3 }
2024-07-14T20:09:35.141589Z  INFO run_lifecycler:run_service_and_step_through_lifecycle: lifecycler::lifecycle: Trying to configure lifecycler to ignore termination signals
2024-07-14T20:09:35.141790Z  INFO run_lifecycler:run_service_and_step_through_lifecycle: cr_core: Successfully configured current process to ignore termination signals
2024-07-14T20:09:35.142029Z  INFO run_lifecycler:run_service_and_step_through_lifecycle:step_through_lifecycle:connect_capabilities:connect: grpc_utils::endpoint::connect: Connecting to gRPC service endpoint=Uds("/mnt/azureml/cr/j/03d3066d4ea6471e9abe3ff8c10030d2/.grpc/cs-capability:0") retry=FixedIntervalRetry { attempt_timeout_millis: 50, retry_delay_millis: 10, max_duration: 7200s }
2024-07-14T20:09:57.827228Z  INFO run_lifecycler:run_service_and_step_through_lifecycle:step_through_lifecycle:connect_capabilities:connect: grpc_utils::endpoint::connect: Successfully connected to gRPC service endpoint=Uds("/mnt/azureml/cr/j/03d3066d4ea6471e9abe3ff8c10030d2/.grpc/cs-capability:0")
2024-07-14T20:09:57.827320Z  INFO run_lifecycler:run_service_and_step_through_lifecycle:step_through_lifecycle:connect_capabilities:connect: grpc_utils::endpoint::connect: close time.busy=177ms time.idle=22.5s
2024-07-14T20:09:57.827507Z  INFO run_lifecycler:run_service_and_step_through_lifecycle:step_through_lifecycle:connect_capabilities:connect: grpc_utils::endpoint::connect: Connecting to gRPC service endpoint=Uds("/mnt/azureml/cr/j/03d3066d4ea6471e9abe3ff8c10030d2/.grpc/cs-capability:0") retry=FixedIntervalRetry { attempt_timeout_millis: 50, retry_delay_millis: 10, max_duration: 7200s }
2024-07-14T20:09:57.827697Z  INFO run_lifecycler:run_service_and_step_through_lifecycle:step_through_lifecycle:connect_capabilities:connect: grpc_utils::endpoint::connect: Successfully connected to gRPC service endpoint=Uds("/mnt/azureml/cr/j/03d3066d4ea6471e9abe3ff8c10030d2/.grpc/cs-capability:0")
2024-07-14T20:09:57.827807Z  INFO run_lifecycler:run_service_and_step_through_lifecycle:step_through_lifecycle:connect_capabilities:connect: grpc_utils::endpoint::connect: close time.busy=287µs time.idle=21.9µs
2024-07-14T20:09:57.827847Z  INFO run_lifecycler:run_service_and_step_through_lifecycle:step_through_lifecycle:connect_capabilities:wait_for_service_healthy: lifecycler::health_monitor: Waiting for service to become healthy: CS_CAPABILITY service_name=CS_CAPABILITY timeout=30s
2024-07-14T20:09:57.827885Z  WARN run_lifecycler:run_service_and_step_through_lifecycle:step_through_lifecycle:connect_capabilities:wait_for_service_healthy: grpc_utils::span: failed to inject span context to grpc request
2024-07-14T20:09:57.829587Z  INFO run_lifecycler:run_service_and_step_through_lifecycle:step_through_lifecycle:connect_capabilities:wait_for_service_healthy: lifecycler::health_client: Health status for service: CS_CAPABILITY service_name=CS_CAPABILITY health_status=1
2024-07-14T20:09:57.829628Z  INFO run_lifecycler:run_service_and_step_through_lifecycle:step_through_lifecycle:connect_capabilities:wait_for_service_healthy: lifecycler::health_monitor: Service has become healthy service_name=CS_CAPABILITY
2024-07-14T20:09:57.829647Z  INFO run_lifecycler:run_service_and_step_through_lifecycle:step_through_lifecycle:connect_capabilities:wait_for_service_healthy: lifecycler::health_monitor: close time.busy=207µs time.idle=1.60ms
2024-07-14T20:09:57.829762Z  INFO run_lifecycler:run_service_and_step_through_lifecycle:step_through_lifecycle:connect_capabilities:connect: grpc_utils::endpoint::connect: Connecting to gRPC service endpoint=Uds("/mnt/azureml/cr/j/03d3066d4ea6471e9abe3ff8c10030d2/.grpc/data-capability:0") retry=FixedIntervalRetry { attempt_timeout_millis: 50, retry_delay_millis: 10, max_duration: 7200s }
2024-07-14T20:10:50.114293Z  INFO run_lifecycler:run_service_and_step_through_lifecycle:step_through_lifecycle:connect_capabilities:connect: grpc_utils::endpoint::connect: Successfully connected to gRPC service endpoint=Uds("/mnt/azureml/cr/j/03d3066d4ea6471e9abe3ff8c10030d2/.grpc/data-capability:0")
2024-07-14T20:10:50.114351Z  INFO run_lifecycler:run_service_and_step_through_lifecycle:step_through_lifecycle:connect_capabilities:connect: grpc_utils::endpoint::connect: close time.busy=371ms time.idle=51.9s
2024-07-14T20:10:50.114493Z  INFO run_lifecycler:run_service_and_step_through_lifecycle:step_through_lifecycle:connect_capabilities:connect: grpc_utils::endpoint::connect: Connecting to gRPC service endpoint=Uds("/mnt/azureml/cr/j/03d3066d4ea6471e9abe3ff8c10030d2/.grpc/data-capability:0") retry=FixedIntervalRetry { attempt_timeout_millis: 50, retry_delay_millis: 10, max_duration: 7200s }
2024-07-14T20:10:50.114719Z  INFO run_lifecycler:run_service_and_step_through_lifecycle:step_through_lifecycle:connect_capabilities:connect: grpc_utils::endpoint::connect: Successfully connected to gRPC service endpoint=Uds("/mnt/azureml/cr/j/03d3066d4ea6471e9abe3ff8c10030d2/.grpc/data-capability:0")
2024-07-14T20:10:50.114748Z  INFO run_lifecycler:run_service_and_step_through_lifecycle:step_through_lifecycle:connect_capabilities:connect: grpc_utils::endpoint::connect: close time.busy=136µs time.idle=127µs
2024-07-14T20:10:50.114797Z  INFO run_lifecycler:run_service_and_step_through_lifecycle:step_through_lifecycle:connect_capabilities:wait_for_service_healthy: lifecycler::health_monitor: Waiting for service to become healthy: DATA_CAPABILITY service_name=DATA_CAPABILITY timeout=30s
2024-07-14T20:10:50.114825Z  WARN run_lifecycler:run_service_and_step_through_lifecycle:step_through_lifecycle:connect_capabilities:wait_for_service_healthy: grpc_utils::span: failed to inject span context to grpc request
2024-07-14T20:10:50.116751Z  INFO run_lifecycler:run_service_and_step_through_lifecycle:step_through_lifecycle:connect_capabilities:wait_for_service_healthy: lifecycler::health_client: Health status for service: DATA_CAPABILITY service_name=DATA_CAPABILITY health_status=1
2024-07-14T20:10:50.116794Z  INFO run_lifecycler:run_service_and_step_through_lifecycle:step_through_lifecycle:connect_capabilities:wait_for_service_healthy: lifecycler::health_monitor: Service has become healthy service_name=DATA_CAPABILITY
2024-07-14T20:10:50.116814Z  INFO run_lifecycler:run_service_and_step_through_lifecycle:step_through_lifecycle:connect_capabilities:wait_for_service_healthy: lifecycler::health_monitor: close time.busy=217µs time.idle=1.80ms
2024-07-14T20:10:50.116924Z  INFO run_lifecycler:run_service_and_step_through_lifecycle:step_through_lifecycle:connect_capabilities:connect: grpc_utils::endpoint::connect: Connecting to gRPC service endpoint=Uds("/mnt/azureml/cr/j/03d3066d4ea6471e9abe3ff8c10030d2/.grpc/hosttools-capability:0") retry=FixedIntervalRetry { attempt_timeout_millis: 50, retry_delay_millis: 10, max_duration: 7200s }
2024-07-14T20:10:50.117245Z  INFO run_lifecycler:run_service_and_step_through_lifecycle:step_through_lifecycle:connect_capabilities:connect: grpc_utils::endpoint::connect: Successfully connected to gRPC service endpoint=Uds("/mnt/azureml/cr/j/03d3066d4ea6471e9abe3ff8c10030d2/.grpc/hosttools-capability:0")
2024-07-14T20:10:50.117476Z  INFO run_lifecycler:run_service_and_step_through_lifecycle:step_through_lifecycle:connect_capabilities:connect: grpc_utils::endpoint::connect: close time.busy=426µs time.idle=131µs
2024-07-14T20:10:50.117728Z  INFO run_lifecycler:run_service_and_step_through_lifecycle:step_through_lifecycle:connect_capabilities:connect: grpc_utils::endpoint::connect: Connecting to gRPC service endpoint=Uds("/mnt/azureml/cr/j/03d3066d4ea6471e9abe3ff8c10030d2/.grpc/hosttools-capability:0") retry=FixedIntervalRetry { attempt_timeout_millis: 50, retry_delay_millis: 10, max_duration: 7200s }
2024-07-14T20:10:50.118171Z  INFO run_lifecycler:run_service_and_step_through_lifecycle:step_through_lifecycle:connect_capabilities:connect: grpc_utils::endpoint::connect: Successfully connected to gRPC service endpoint=Uds("/mnt/azureml/cr/j/03d3066d4ea6471e9abe3ff8c10030d2/.grpc/hosttools-capability:0")
2024-07-14T20:10:50.118275Z  INFO run_lifecycler:run_service_and_step_through_lifecycle:step_through_lifecycle:connect_capabilities:connect: grpc_utils::endpoint::connect: close time.busy=545µs time.idle=8.50µs
2024-07-14T20:10:50.118373Z  INFO run_lifecycler:run_service_and_step_through_lifecycle:step_through_lifecycle:connect_capabilities:wait_for_service_healthy: lifecycler::health_monitor: Waiting for service to become healthy: HOSTTOOLS_CAPABILITY service_name=HOSTTOOLS_CAPABILITY timeout=30s
2024-07-14T20:10:50.118456Z  WARN run_lifecycler:run_service_and_step_through_lifecycle:step_through_lifecycle:connect_capabilities:wait_for_service_healthy: grpc_utils::span: failed to inject span context to grpc request
2024-07-14T20:10:50.119057Z  INFO run_lifecycler:run_service_and_step_through_lifecycle:step_through_lifecycle:connect_capabilities:wait_for_service_healthy: lifecycler::health_client: Health status for service: HOSTTOOLS_CAPABILITY service_name=HOSTTOOLS_CAPABILITY health_status=1
2024-07-14T20:10:50.119098Z  INFO run_lifecycler:run_service_and_step_through_lifecycle:step_through_lifecycle:connect_capabilities:wait_for_service_healthy: lifecycler::health_monitor: Service has become healthy service_name=HOSTTOOLS_CAPABILITY
2024-07-14T20:10:50.119125Z  INFO run_lifecycler:run_service_and_step_through_lifecycle:step_through_lifecycle:connect_capabilities:wait_for_service_healthy: lifecycler::health_monitor: close time.busy=249µs time.idle=511µs
2024-07-14T20:10:50.119230Z  INFO run_lifecycler:run_service_and_step_through_lifecycle:step_through_lifecycle:connect_capabilities:connect: grpc_utils::endpoint::connect: Connecting to gRPC service endpoint=Uds("/mnt/azureml/cr/j/03d3066d4ea6471e9abe3ff8c10030d2/.grpc/metrics-capability:0") retry=FixedIntervalRetry { attempt_timeout_millis: 50, retry_delay_millis: 10, max_duration: 7200s }
2024-07-14T20:10:50.119515Z  INFO run_lifecycler:run_service_and_step_through_lifecycle:step_through_lifecycle:connect_capabilities:connect: grpc_utils::endpoint::connect: Successfully connected to gRPC service endpoint=Uds("/mnt/azureml/cr/j/03d3066d4ea6471e9abe3ff8c10030d2/.grpc/metrics-capability:0")
2024-07-14T20:10:50.119566Z  INFO run_lifecycler:run_service_and_step_through_lifecycle:step_through_lifecycle:connect_capabilities:connect: grpc_utils::endpoint::connect: close time.busy=213µs time.idle=126µs
2024-07-14T20:10:50.119694Z  INFO run_lifecycler:run_service_and_step_through_lifecycle:step_through_lifecycle:connect_capabilities:connect: grpc_utils::endpoint::connect: Connecting to gRPC service endpoint=Uds("/mnt/azureml/cr/j/03d3066d4ea6471e9abe3ff8c10030d2/.grpc/metrics-capability:0") retry=FixedIntervalRetry { attempt_timeout_millis: 50, retry_delay_millis: 10, max_duration: 7200s }
2024-07-14T20:10:50.119976Z  INFO run_lifecycler:run_service_and_step_through_lifecycle:step_through_lifecycle:connect_capabilities:connect: grpc_utils::endpoint::connect: Successfully connected to gRPC service endpoint=Uds("/mnt/azureml/cr/j/03d3066d4ea6471e9abe3ff8c10030d2/.grpc/metrics-capability:0")
2024-07-14T20:10:50.120108Z  INFO run_lifecycler:run_service_and_step_through_lifecycle:step_through_lifecycle:connect_capabilities:connect: grpc_utils::endpoint::connect: close time.busy=304µs time.idle=114µs
2024-07-14T20:10:50.120163Z  INFO run_lifecycler:run_service_and_step_through_lifecycle:step_through_lifecycle:connect_capabilities:wait_for_service_healthy: lifecycler::health_monitor: Waiting for service to become healthy: METRICS_CAPABILITY service_name=METRICS_CAPABILITY timeout=30s
2024-07-14T20:10:50.120222Z  WARN run_lifecycler:run_service_and_step_through_lifecycle:step_through_lifecycle:connect_capabilities:wait_for_service_healthy: grpc_utils::span: failed to inject span context to grpc request
2024-07-14T20:10:50.120791Z  INFO run_lifecycler:run_service_and_step_through_lifecycle:step_through_lifecycle:connect_capabilities:wait_for_service_healthy: lifecycler::health_client: Health status for service: METRICS_CAPABILITY service_name=METRICS_CAPABILITY health_status=1
2024-07-14T20:10:50.120839Z  INFO run_lifecycler:run_service_and_step_through_lifecycle:step_through_lifecycle:connect_capabilities:wait_for_service_healthy: lifecycler::health_monitor: Service has become healthy service_name=METRICS_CAPABILITY
2024-07-14T20:10:50.120869Z  INFO run_lifecycler:run_service_and_step_through_lifecycle:step_through_lifecycle:connect_capabilities:wait_for_service_healthy: lifecycler::health_monitor: close time.busy=232µs time.idle=481µs
2024-07-14T20:10:50.120992Z  INFO run_lifecycler:run_service_and_step_through_lifecycle:step_through_lifecycle:connect_capabilities:connect: grpc_utils::endpoint::connect: Connecting to gRPC service endpoint=Uds("/mnt/azureml/cr/j/03d3066d4ea6471e9abe3ff8c10030d2/.grpc/snapshot-capability:0") retry=FixedIntervalRetry { attempt_timeout_millis: 50, retry_delay_millis: 10, max_duration: 7200s }
2024-07-14T20:10:50.121261Z  INFO run_lifecycler:run_service_and_step_through_lifecycle:step_through_lifecycle:connect_capabilities:connect: grpc_utils::endpoint::connect: Successfully connected to gRPC service endpoint=Uds("/mnt/azureml/cr/j/03d3066d4ea6471e9abe3ff8c10030d2/.grpc/snapshot-capability:0")
2024-07-14T20:10:50.121343Z  INFO run_lifecycler:run_service_and_step_through_lifecycle:step_through_lifecycle:connect_capabilities:connect: grpc_utils::endpoint::connect: close time.busy=248µs time.idle=106µs
2024-07-14T20:10:50.121562Z  INFO run_lifecycler:run_service_and_step_through_lifecycle:step_through_lifecycle:connect_capabilities:connect: grpc_utils::endpoint::connect: Connecting to gRPC service endpoint=Uds("/mnt/azureml/cr/j/03d3066d4ea6471e9abe3ff8c10030d2/.grpc/snapshot-capability:0") retry=FixedIntervalRetry { attempt_timeout_millis: 50, retry_delay_millis: 10, max_duration: 7200s }
2024-07-14T20:10:50.122067Z  INFO run_lifecycler:run_service_and_step_through_lifecycle:step_through_lifecycle:connect_capabilities:connect: grpc_utils::endpoint::connect: Successfully connected to gRPC service endpoint=Uds("/mnt/azureml/cr/j/03d3066d4ea6471e9abe3ff8c10030d2/.grpc/snapshot-capability:0")
2024-07-14T20:10:50.122141Z  INFO run_lifecycler:run_service_and_step_through_lifecycle:step_through_lifecycle:connect_capabilities:connect: grpc_utils::endpoint::connect: close time.busy=500µs time.idle=90.0µs
2024-07-14T20:10:50.122192Z  INFO run_lifecycler:run_service_and_step_through_lifecycle:step_through_lifecycle:connect_capabilities:wait_for_service_healthy: lifecycler::health_monitor: Waiting for service to become healthy: SNAPSHOT_CAPABILITY service_name=SNAPSHOT_CAPABILITY timeout=30s
2024-07-14T20:10:50.122249Z  WARN run_lifecycler:run_service_and_step_through_lifecycle:step_through_lifecycle:connect_capabilities:wait_for_service_healthy: grpc_utils::span: failed to inject span context to grpc request
2024-07-14T20:10:50.122911Z  INFO run_lifecycler:run_service_and_step_through_lifecycle:step_through_lifecycle:connect_capabilities:wait_for_service_healthy: lifecycler::health_client: Health status for service: SNAPSHOT_CAPABILITY service_name=SNAPSHOT_CAPABILITY health_status=1
2024-07-14T20:10:50.122957Z  INFO run_lifecycler:run_service_and_step_through_lifecycle:step_through_lifecycle:connect_capabilities:wait_for_service_healthy: lifecycler::health_monitor: Service has become healthy service_name=SNAPSHOT_CAPABILITY
2024-07-14T20:10:50.122992Z  INFO run_lifecycler:run_service_and_step_through_lifecycle:step_through_lifecycle:connect_capabilities:wait_for_service_healthy: lifecycler::health_monitor: close time.busy=230µs time.idle=579µs
2024-07-14T20:10:50.123036Z  INFO run_lifecycler:run_service_and_step_through_lifecycle:step_through_lifecycle:connect_capabilities: lifecycler::lifecycle: close time.busy=593ms time.idle=74.4s
2024-07-14T20:10:50.123081Z  WARN grpc_utils::span: failed to inject span context to grpc request
2024-07-14T20:10:50.123087Z  WARN run_lifecycler:run_service_and_step_through_lifecycle:step_through_lifecycle:start_capabilities:start{name="CS_CAPABILITY"}: grpc_utils::span: failed to inject span context to grpc request
2024-07-14T20:10:50.123137Z  WARN grpc_utils::span: failed to inject span context to grpc request
2024-07-14T20:10:50.123162Z  WARN run_lifecycler:run_service_and_step_through_lifecycle:step_through_lifecycle:start_capabilities:start{name="DATA_CAPABILITY"}: grpc_utils::span: failed to inject span context to grpc request
2024-07-14T20:10:50.123175Z  WARN grpc_utils::span: failed to inject span context to grpc request
2024-07-14T20:10:50.123201Z  WARN grpc_utils::span: failed to inject span context to grpc request
2024-07-14T20:10:50.123214Z  WARN run_lifecycler:run_service_and_step_through_lifecycle:step_through_lifecycle:start_capabilities:start{name="HOSTTOOLS_CAPABILITY"}: grpc_utils::span: failed to inject span context to grpc request
2024-07-14T20:10:50.123238Z  WARN grpc_utils::span: failed to inject span context to grpc request
2024-07-14T20:10:50.123257Z  WARN run_lifecycler:run_service_and_step_through_lifecycle:step_through_lifecycle:start_capabilities:start{name="METRICS_CAPABILITY"}: grpc_utils::span: failed to inject span context to grpc request
2024-07-14T20:10:50.123296Z  WARN run_lifecycler:run_service_and_step_through_lifecycle:step_through_lifecycle:start_capabilities:start{name="SNAPSHOT_CAPABILITY"}: grpc_utils::span: failed to inject span context to grpc request
2024-07-14T20:10:50.124572Z  INFO run_lifecycler:run_service_and_step_through_lifecycle:step_through_lifecycle:start_capabilities:start{name="HOSTTOOLS_CAPABILITY"}: lifecycler::capability_client: Received success code for start cap_name=HOSTTOOLS_CAPABILITY
2024-07-14T20:10:50.124636Z  INFO run_lifecycler:run_service_and_step_through_lifecycle:step_through_lifecycle:start_capabilities:start{name="HOSTTOOLS_CAPABILITY"}: lifecycler::capability_client: close time.busy=151µs time.idle=1.29ms
2024-07-14T20:10:50.124681Z  INFO run_lifecycler:run_service_and_step_through_lifecycle:step_through_lifecycle:start_capabilities:start{name="METRICS_CAPABILITY"}: lifecycler::capability_client: Received success code for start cap_name=METRICS_CAPABILITY
2024-07-14T20:10:50.124714Z  INFO run_lifecycler:run_service_and_step_through_lifecycle:step_through_lifecycle:start_capabilities:start{name="METRICS_CAPABILITY"}: lifecycler::capability_client: close time.busy=93.1µs time.idle=1.37ms
2024-07-14T20:10:50.212181Z  INFO run_lifecycler:run_service_and_step_through_lifecycle:step_through_lifecycle:start_capabilities:start{name="CS_CAPABILITY"}: lifecycler::capability_client: Received success code for start cap_name=CS_CAPABILITY
2024-07-14T20:10:50.212264Z  INFO run_lifecycler:run_service_and_step_through_lifecycle:step_through_lifecycle:start_capabilities:start{name="CS_CAPABILITY"}: lifecycler::capability_client: close time.busy=249µs time.idle=88.9ms
2024-07-14T20:10:50.437940Z  INFO run_lifecycler:run_service_and_step_through_lifecycle:step_through_lifecycle:start_capabilities:start{name="SNAPSHOT_CAPABILITY"}: lifecycler::capability_client: Received success code for start cap_name=SNAPSHOT_CAPABILITY
2024-07-14T20:10:50.438035Z  INFO run_lifecycler:run_service_and_step_through_lifecycle:step_through_lifecycle:start_capabilities:start{name="SNAPSHOT_CAPABILITY"}: lifecycler::capability_client: close time.busy=175µs time.idle=315ms
2024-07-14T20:10:52.650388Z  INFO run_lifecycler:run_service_and_step_through_lifecycle:step_through_lifecycle:start_capabilities:start{name="DATA_CAPABILITY"}: lifecycler::capability_client: Received success code for start cap_name=DATA_CAPABILITY
2024-07-14T20:10:52.650472Z  INFO run_lifecycler:run_service_and_step_through_lifecycle:step_through_lifecycle:start_capabilities:start{name="DATA_CAPABILITY"}: lifecycler::capability_client: close time.busy=360µs time.idle=2.53s
2024-07-14T20:10:52.650517Z  INFO run_lifecycler:run_service_and_step_through_lifecycle:step_through_lifecycle:start_capabilities: lifecycler::lifecycle: close time.busy=1.26ms time.idle=2.53s
2024-07-14T20:10:52.650571Z  INFO run_lifecycler:run_service_and_step_through_lifecycle:step_through_lifecycle:exit_capabilities{cap_type=Operation job_result=JobResult { job_status: Succeeded, error: None }}:get_cap_type{name="CS_CAPABILITY" type=Service}: lifecycler::capability_client: close time.busy=400ns time.idle=5.20µs
2024-07-14T20:10:52.650594Z  INFO run_lifecycler:run_service_and_step_through_lifecycle:step_through_lifecycle:exit_capabilities{cap_type=Operation job_result=JobResult { job_status: Succeeded, error: None }}:get_cap_type{name="DATA_CAPABILITY" type=Service}: lifecycler::capability_client: close time.busy=400ns time.idle=4.60µs
2024-07-14T20:10:52.650611Z  INFO run_lifecycler:run_service_and_step_through_lifecycle:step_through_lifecycle:exit_capabilities{cap_type=Operation job_result=JobResult { job_status: Succeeded, error: None }}:get_cap_type{name="HOSTTOOLS_CAPABILITY" type=Service}: lifecycler::capability_client: close time.busy=500ns time.idle=4.10µs
2024-07-14T20:10:52.650634Z  INFO run_lifecycler:run_service_and_step_through_lifecycle:step_through_lifecycle:exit_capabilities{cap_type=Operation job_result=JobResult { job_status: Succeeded, error: None }}:get_cap_type{name="METRICS_CAPABILITY" type=Service}: lifecycler::capability_client: close time.busy=300ns time.idle=2.90µs
2024-07-14T20:10:52.650651Z  INFO run_lifecycler:run_service_and_step_through_lifecycle:step_through_lifecycle:exit_capabilities{cap_type=Operation job_result=JobResult { job_status: Succeeded, error: None }}:get_cap_type{name="SNAPSHOT_CAPABILITY" type=Service}: lifecycler::capability_client: close time.busy=500ns time.idle=4.20µs
2024-07-14T20:10:52.650668Z  INFO run_lifecycler:run_service_and_step_through_lifecycle:step_through_lifecycle:exit_capabilities{cap_type=Operation job_result=JobResult { job_status: Succeeded, error: None }}: lifecycler::lifecycle: close time.busy=109µs time.idle=13.2µs
2024-07-14T20:10:52.650685Z  INFO run_lifecycler:run_service_and_step_through_lifecycle:step_through_lifecycle: lifecycler::lifecycle: exited operation caps: true
2024-07-14T20:10:52.650829Z  INFO run_lifecycler:run_service_and_step_through_lifecycle:step_through_lifecycle:connect_executor:connect:connect: grpc_utils::endpoint::connect: Connecting to gRPC service endpoint=Uds("/mnt/azureml/cr/j/03d3066d4ea6471e9abe3ff8c10030d2/.grpc/executor:0") retry=FixedIntervalRetry { attempt_timeout_millis: 50, retry_delay_millis: 10, max_duration: 7200s }
2024-07-14T20:10:52.651178Z  INFO run_lifecycler:run_service_and_step_through_lifecycle:step_through_lifecycle:connect_executor:connect:connect: grpc_utils::endpoint::connect: Successfully connected to gRPC service endpoint=Uds("/mnt/azureml/cr/j/03d3066d4ea6471e9abe3ff8c10030d2/.grpc/executor:0")
2024-07-14T20:10:52.651245Z  INFO run_lifecycler:run_service_and_step_through_lifecycle:step_through_lifecycle:connect_executor:connect:connect: grpc_utils::endpoint::connect: close time.busy=298µs time.idle=120µs
2024-07-14T20:10:52.651271Z  INFO run_lifecycler:run_service_and_step_through_lifecycle:step_through_lifecycle:connect_executor:connect: lifecycler::executor_client: close time.busy=429µs time.idle=117µs
2024-07-14T20:10:52.651445Z  INFO run_lifecycler:run_service_and_step_through_lifecycle:step_through_lifecycle:connect_executor:connect:connect: grpc_utils::endpoint::connect: Connecting to gRPC service endpoint=Uds("/mnt/azureml/cr/j/03d3066d4ea6471e9abe3ff8c10030d2/.grpc/executor:0") retry=FixedIntervalRetry { attempt_timeout_millis: 50, retry_delay_millis: 10, max_duration: 7200s }
2024-07-14T20:10:52.651684Z  INFO run_lifecycler:run_service_and_step_through_lifecycle:step_through_lifecycle:connect_executor:connect:connect: grpc_utils::endpoint::connect: Successfully connected to gRPC service endpoint=Uds("/mnt/azureml/cr/j/03d3066d4ea6471e9abe3ff8c10030d2/.grpc/executor:0")
2024-07-14T20:10:52.651773Z  INFO run_lifecycler:run_service_and_step_through_lifecycle:step_through_lifecycle:connect_executor:connect:connect: grpc_utils::endpoint::connect: close time.busy=241µs time.idle=91.2µs
2024-07-14T20:10:52.651807Z  INFO run_lifecycler:run_service_and_step_through_lifecycle:step_through_lifecycle:connect_executor:connect: lifecycler::executor_client: close time.busy=427µs time.idle=91.0µs
2024-07-14T20:10:52.651917Z  INFO run_lifecycler:run_service_and_step_through_lifecycle:step_through_lifecycle:connect_executor:connect: grpc_utils::endpoint::connect: Connecting to gRPC service endpoint=Uds("/mnt/azureml/cr/j/03d3066d4ea6471e9abe3ff8c10030d2/.grpc/executor:0") retry=FixedIntervalRetry { attempt_timeout_millis: 50, retry_delay_millis: 10, max_duration: 7200s }
2024-07-14T20:10:52.652204Z  INFO run_lifecycler:run_service_and_step_through_lifecycle:step_through_lifecycle:connect_executor:connect: grpc_utils::endpoint::connect: Successfully connected to gRPC service endpoint=Uds("/mnt/azureml/cr/j/03d3066d4ea6471e9abe3ff8c10030d2/.grpc/executor:0")
2024-07-14T20:10:52.652259Z  INFO run_lifecycler:run_service_and_step_through_lifecycle:step_through_lifecycle:connect_executor:connect: grpc_utils::endpoint::connect: close time.busy=207µs time.idle=139µs
2024-07-14T20:10:52.652296Z  INFO run_lifecycler:run_service_and_step_through_lifecycle:step_through_lifecycle:connect_executor:wait_for_service_healthy: lifecycler::health_monitor: Waiting for service to become healthy: Executor service_name=Executor timeout=30s
2024-07-14T20:10:52.652337Z  WARN run_lifecycler:run_service_and_step_through_lifecycle:step_through_lifecycle:connect_executor:wait_for_service_healthy: grpc_utils::span: failed to inject span context to grpc request
2024-07-14T20:10:52.652847Z  INFO run_lifecycler:run_service_and_step_through_lifecycle:step_through_lifecycle:connect_executor:wait_for_service_healthy: lifecycler::health_client: Health status for service: Executor service_name=Executor health_status=1
2024-07-14T20:10:52.652891Z  INFO run_lifecycler:run_service_and_step_through_lifecycle:step_through_lifecycle:connect_executor:wait_for_service_healthy: lifecycler::health_monitor: Service has become healthy service_name=Executor
2024-07-14T20:10:52.652907Z  INFO run_lifecycler:run_service_and_step_through_lifecycle:step_through_lifecycle:connect_executor:wait_for_service_healthy: lifecycler::health_monitor: close time.busy=193µs time.idle=425µs
2024-07-14T20:10:52.652928Z  INFO run_lifecycler:run_service_and_step_through_lifecycle:step_through_lifecycle:connect_executor: lifecycler::lifecycle: close time.busy=1.46ms time.idle=751µs
2024-07-14T20:10:52.652948Z  INFO run_lifecycler:run_service_and_step_through_lifecycle:step_through_lifecycle:connect_lifecyclers{lifecycler_addresses=None}: lifecycler::lifecycle: close time.busy=1.30µs time.idle=6.20µs
2024-07-14T20:10:52.653002Z  INFO run_lifecycler:run_service_and_step_through_lifecycle:step_through_lifecycle:execute: lifecycler::lifecycle: entering phase rank=None phase=0 is_leader=true entered_phases=false
2024-07-14T20:10:52.653034Z  INFO run_lifecycler:run_service_and_step_through_lifecycle:step_through_lifecycle:execute:barrier_sync: lifecycler::lifecycle: close time.busy=700ns time.idle=2.30µs
2024-07-14T20:10:52.653124Z  INFO run_lifecycler:run_service_and_step_through_lifecycle:step_through_lifecycle:execute: lifecycler::lifecycle: Successfully got AzureML Context from environment, updating Run History with new run attempt
2024-07-14T20:10:52.653145Z  WARN run_lifecycler:run_service_and_step_through_lifecycle:step_through_lifecycle:execute: lifecycler::lifecycle: Skip updating run_attempt since cannot find AZUREML_CR_ENABLE_RUN_ATTEMPT_COUNT_BY_RUN_HISTORY from environment
2024-07-14T20:10:52.653180Z  INFO run_lifecycler:run_service_and_step_through_lifecycle:step_through_lifecycle:execute: lifecycler::lifecycle: starting phase execution rank=None phase=0
2024-07-14T20:10:52.653201Z  INFO run_lifecycler:run_service_and_step_through_lifecycle:step_through_lifecycle:execute: lifecycler::lifecycle: executing phase commands rank=None phase=0
2024-07-14T20:10:52.653229Z  INFO run_lifecycler:run_service_and_step_through_lifecycle:step_through_lifecycle:execute:executor_client::execute_commands{lifecycle_address="/mnt/azureml/cr/j/03d3066d4ea6471e9abe3ff8c10030d2/.grpc/lifecycler:0" scheduling=None debug_mode=Some(false)}: lifecycler::executor_client: Executing commands
2024-07-14T20:10:52.653306Z  WARN run_lifecycler:run_service_and_step_through_lifecycle:step_through_lifecycle:execute:executor_client::execute_commands{lifecycle_address="/mnt/azureml/cr/j/03d3066d4ea6471e9abe3ff8c10030d2/.grpc/lifecycler:0" scheduling=None debug_mode=Some(false)}:executor_client::start_execution{lifecycler_address="/mnt/azureml/cr/j/03d3066d4ea6471e9abe3ff8c10030d2/.grpc/lifecycler:0" debug_mode=Some(false) commands_f=Command(Command { executable: Shell { path: None, command: "python gini_feature_selection.py --train_data $AZUREML_DATAREFERENCE_train_data --test_data $AZUREML_DATAREFERENCE_test_data --feature_quantity $AZUREML_PARAMETER_feature_quantity --train_data_feat_sel $AZURE_ML_OUTPUT_train_data_feat_sel --test_data_feat_sel $AZURE_ML_OUTPUT_test_data_feat_sel\n\n\n\n", success_return_code: Zero { additional_codes: [] } }, stderr: None, stdout: Some("user_logs/std_log.txt") }) path_mappings_f={}}: grpc_utils::span: failed to inject span context to grpc request
2024-07-14T20:10:52.653325Z  INFO run_lifecycler:run_service_and_step_through_lifecycle:step_through_lifecycle:execute:executor_client::execute_commands{lifecycle_address="/mnt/azureml/cr/j/03d3066d4ea6471e9abe3ff8c10030d2/.grpc/lifecycler:0" scheduling=None debug_mode=Some(false)}:executor_client::start_execution{lifecycler_address="/mnt/azureml/cr/j/03d3066d4ea6471e9abe3ff8c10030d2/.grpc/lifecycler:0" debug_mode=Some(false) commands_f=Command(Command { executable: Shell { path: None, command: "python gini_feature_selection.py --train_data $AZUREML_DATAREFERENCE_train_data --test_data $AZUREML_DATAREFERENCE_test_data --feature_quantity $AZUREML_PARAMETER_feature_quantity --train_data_feat_sel $AZURE_ML_OUTPUT_train_data_feat_sel --test_data_feat_sel $AZURE_ML_OUTPUT_test_data_feat_sel\n\n\n\n", success_return_code: Zero { additional_codes: [] } }, stderr: None, stdout: Some("user_logs/std_log.txt") }) path_mappings_f={}}: lifecycler::executor_client: Starting execution execution_id=3cb9674f-d2c9-463d-9b27-fa7752701696 lifecycler_address=/mnt/azureml/cr/j/03d3066d4ea6471e9abe3ff8c10030d2/.grpc/lifecycler:0
2024-07-14T20:10:52.660728Z  INFO run_lifecycler:run_service_and_step_through_lifecycle:step_through_lifecycle:execute:executor_client::execute_commands{lifecycle_address="/mnt/azureml/cr/j/03d3066d4ea6471e9abe3ff8c10030d2/.grpc/lifecycler:0" scheduling=None debug_mode=Some(false)}:executor_client::start_execution{lifecycler_address="/mnt/azureml/cr/j/03d3066d4ea6471e9abe3ff8c10030d2/.grpc/lifecycler:0" debug_mode=Some(false) commands_f=Command(Command { executable: Shell { path: None, command: "python gini_feature_selection.py --train_data $AZUREML_DATAREFERENCE_train_data --test_data $AZUREML_DATAREFERENCE_test_data --feature_quantity $AZUREML_PARAMETER_feature_quantity --train_data_feat_sel $AZURE_ML_OUTPUT_train_data_feat_sel --test_data_feat_sel $AZURE_ML_OUTPUT_test_data_feat_sel\n\n\n\n", success_return_code: Zero { additional_codes: [] } }, stderr: None, stdout: Some("user_logs/std_log.txt") }) path_mappings_f={}}: lifecycler::executor_client: close time.busy=160µs time.idle=7.31ms
2024-07-14T20:10:52.660817Z  INFO run_lifecycler:run_service_and_step_through_lifecycle:step_through_lifecycle:execute:executor_client::execute_commands{lifecycle_address="/mnt/azureml/cr/j/03d3066d4ea6471e9abe3ff8c10030d2/.grpc/lifecycler:0" scheduling=None debug_mode=Some(false)}: lifecycler::executor_client: Waiting for execution completion execution_id="3cb9674f-d2c9-463d-9b27-fa7752701696"
2024-07-14T20:11:30.126684Z  WARN grpc_utils::span: failed to inject span context to grpc request
2024-07-14T20:11:30.126749Z  WARN grpc_utils::span: failed to inject span context to grpc request
2024-07-14T20:11:30.126775Z  WARN grpc_utils::span: failed to inject span context to grpc request
2024-07-14T20:11:30.126805Z  WARN grpc_utils::span: failed to inject span context to grpc request
2024-07-14T20:11:30.126825Z  WARN grpc_utils::span: failed to inject span context to grpc request
2024-07-14T20:11:30.126845Z  WARN grpc_utils::span: failed to inject span context to grpc request
2024-07-14T20:11:32.304512Z  INFO ExecutionCallbackServicer::complete_execution: grpc_utils::server: Got grpc request request_name="complete_execution" remote_addr=None
2024-07-14T20:11:32.304617Z  INFO ExecutionCallbackServicer::complete_execution: lifecycler::service: close time.busy=114µs time.idle=16.8µs
2024-07-14T20:11:32.304661Z  INFO run_lifecycler:run_service_and_step_through_lifecycle:step_through_lifecycle:execute:executor_client::execute_commands{lifecycle_address="/mnt/azureml/cr/j/03d3066d4ea6471e9abe3ff8c10030d2/.grpc/lifecycler:0" scheduling=None debug_mode=Some(false)}:executor_client::wait_for_execution_completion{execution_id="3cb9674f-d2c9-463d-9b27-fa7752701696"}: lifecycler::executor_client: close time.busy=6.50µs time.idle=39.6s
2024-07-14T20:11:32.304737Z  INFO run_lifecycler:run_service_and_step_through_lifecycle:step_through_lifecycle:execute:executor_client::execute_commands{lifecycle_address="/mnt/azureml/cr/j/03d3066d4ea6471e9abe3ff8c10030d2/.grpc/lifecycler:0" scheduling=None debug_mode=Some(false)}: lifecycler::executor_client: Execution completed execution_id="3cb9674f-d2c9-463d-9b27-fa7752701696"
2024-07-14T20:11:32.304789Z  INFO run_lifecycler:run_service_and_step_through_lifecycle:step_through_lifecycle:execute:executor_client::execute_commands{lifecycle_address="/mnt/azureml/cr/j/03d3066d4ea6471e9abe3ff8c10030d2/.grpc/lifecycler:0" scheduling=None debug_mode=Some(false)}: lifecycler::executor_client: close time.busy=488µs time.idle=39.7s
2024-07-14T20:11:32.304827Z  INFO run_lifecycler:run_service_and_step_through_lifecycle:step_through_lifecycle:execute: lifecycler::lifecycle: phase execution completed. rank=None phase=0
2024-07-14T20:11:32.304983Z  INFO run_lifecycler:run_service_and_step_through_lifecycle:step_through_lifecycle:execute: lifecycler::lifecycle: close time.busy=951µs time.idle=39.7s
2024-07-14T20:11:32.305024Z  INFO run_lifecycler:run_service_and_step_through_lifecycle:step_through_lifecycle:end_service_capabilities:get_cap_type{name="CS_CAPABILITY" type=Service}: lifecycler::capability_client: close time.busy=500ns time.idle=6.40µs
2024-07-14T20:11:32.305063Z  INFO run_lifecycler:run_service_and_step_through_lifecycle:step_through_lifecycle:end_service_capabilities:get_cap_type{name="DATA_CAPABILITY" type=Service}: lifecycler::capability_client: close time.busy=400ns time.idle=19.7µs
2024-07-14T20:11:32.305088Z  INFO run_lifecycler:run_service_and_step_through_lifecycle:step_through_lifecycle:end_service_capabilities:get_cap_type{name="HOSTTOOLS_CAPABILITY" type=Service}: lifecycler::capability_client: close time.busy=500ns time.idle=3.80µs
2024-07-14T20:11:32.305104Z  INFO run_lifecycler:run_service_and_step_through_lifecycle:step_through_lifecycle:end_service_capabilities:get_cap_type{name="METRICS_CAPABILITY" type=Service}: lifecycler::capability_client: close time.busy=501ns time.idle=4.10µs
2024-07-14T20:11:32.305123Z  INFO run_lifecycler:run_service_and_step_through_lifecycle:step_through_lifecycle:end_service_capabilities:get_cap_type{name="SNAPSHOT_CAPABILITY" type=Service}: lifecycler::capability_client: close time.busy=400ns time.idle=3.50µs
2024-07-14T20:11:32.305185Z  WARN run_lifecycler:run_service_and_step_through_lifecycle:step_through_lifecycle:end_service_capabilities:end{name="CS_CAPABILITY"}: grpc_utils::span: failed to inject span context to grpc request
2024-07-14T20:11:32.305239Z  WARN run_lifecycler:run_service_and_step_through_lifecycle:step_through_lifecycle:end_service_capabilities:end{name="DATA_CAPABILITY"}: grpc_utils::span: failed to inject span context to grpc request
2024-07-14T20:11:32.305295Z  WARN run_lifecycler:run_service_and_step_through_lifecycle:step_through_lifecycle:end_service_capabilities:end{name="HOSTTOOLS_CAPABILITY"}: grpc_utils::span: failed to inject span context to grpc request
2024-07-14T20:11:32.305334Z  WARN run_lifecycler:run_service_and_step_through_lifecycle:step_through_lifecycle:end_service_capabilities:end{name="METRICS_CAPABILITY"}: grpc_utils::span: failed to inject span context to grpc request
2024-07-14T20:11:32.305376Z  WARN run_lifecycler:run_service_and_step_through_lifecycle:step_through_lifecycle:end_service_capabilities:end{name="SNAPSHOT_CAPABILITY"}: grpc_utils::span: failed to inject span context to grpc request
2024-07-14T20:11:32.309291Z  INFO run_lifecycler:run_service_and_step_through_lifecycle:step_through_lifecycle:end_service_capabilities:end{name="METRICS_CAPABILITY"}: lifecycler::capability_client: Received success code for end cap_name=METRICS_CAPABILITY
2024-07-14T20:11:32.309342Z  INFO run_lifecycler:run_service_and_step_through_lifecycle:step_through_lifecycle:end_service_capabilities:end{name="METRICS_CAPABILITY"}: lifecycler::capability_client: close time.busy=133µs time.idle=3.88ms
2024-07-14T20:11:32.309379Z  INFO run_lifecycler:run_service_and_step_through_lifecycle:step_through_lifecycle:end_service_capabilities:end{name="SNAPSHOT_CAPABILITY"}: lifecycler::capability_client: Received success code for end cap_name=SNAPSHOT_CAPABILITY
2024-07-14T20:11:32.309412Z  INFO run_lifecycler:run_service_and_step_through_lifecycle:step_through_lifecycle:end_service_capabilities:end{name="SNAPSHOT_CAPABILITY"}: lifecycler::capability_client: close time.busy=86.3µs time.idle=3.96ms
