2024-07-02T10:49:13.068697Z  INFO telemetry: job_telemetry_init artifact_type=installed branch=origin/e30365754d46fa7177023d07b63a58875d37a00f ci_number=20240625.9 ci_name=CommonRuntime-prod-build build_time=2024-06-25 21:20:44.903375
2024-07-02T10:49:13.068954Z  INFO load_config_from_env: lifecycler::config: Resolved grpc addresses lifecycler_address=/mnt/azureml/cr/j/397e0c7d26294efeb2fb29248bc46d2a/.grpc/lifecycler:0 executor_address=/mnt/azureml/cr/j/397e0c7d26294efeb2fb29248bc46d2a/.grpc/executor:0
2024-07-02T10:49:13.069235Z  INFO load_config_from_env:load_capability_addresses_from_env{capability_endpoints_from_config={"CS_CAPABILITY": CapabilityEndpoint { name: "CS_CAPABILITY", address: "/mnt/azureml/cr/j/397e0c7d26294efeb2fb29248bc46d2a/.grpc/cs-capability:0", type: Service }, "DATA_CAPABILITY": CapabilityEndpoint { name: "DATA_CAPABILITY", address: "/mnt/azureml/cr/j/397e0c7d26294efeb2fb29248bc46d2a/.grpc/data-capability:0", type: Service }, "HOSTTOOLS_CAPABILITY": CapabilityEndpoint { name: "HOSTTOOLS_CAPABILITY", address: "/mnt/azureml/cr/j/397e0c7d26294efeb2fb29248bc46d2a/.grpc/hosttools-capability:0", type: Service }, "METRICS_CAPABILITY": CapabilityEndpoint { name: "METRICS_CAPABILITY", address: "/mnt/azureml/cr/j/397e0c7d26294efeb2fb29248bc46d2a/.grpc/metrics-capability:0", type: Service }, "SNAPSHOT_CAPABILITY": CapabilityEndpoint { name: "SNAPSHOT_CAPABILITY", address: "/mnt/azureml/cr/j/397e0c7d26294efeb2fb29248bc46d2a/.grpc/snapshot-capability:0", type: Service }}}: lifecycler::config: close time.busy=186µs time.idle=42.9µs
2024-07-02T10:49:13.069275Z  INFO load_config_from_env: lifecycler::config: close time.busy=473µs time.idle=19.3µs
2024-07-02T10:49:13.069339Z  INFO run_lifecycler:run_service_and_step_through_lifecycle: lifecycler::lifecycle: distributed config is not specified, skip setting up distributed barrier
2024-07-02T10:49:13.069367Z  INFO run_lifecycler:run_service_and_step_through_lifecycle: lifecycler::lifecycle: Trying to configure lifecycler to ignore termination signals
2024-07-02T10:49:13.069393Z  INFO run_lifecycler:run_service_and_step_through_lifecycle: cr_core: Successfully configured current process to ignore termination signals
2024-07-02T10:49:13.069517Z  INFO Lifecycler::run_service{distributed_state_sender=None}: lifecycler::service: serving lifecycle service address=/mnt/azureml/cr/j/397e0c7d26294efeb2fb29248bc46d2a/.grpc/lifecycler:0
2024-07-02T10:49:13.069590Z  INFO run_lifecycler:run_service_and_step_through_lifecycle:step_through_lifecycle:connect_capabilities:connect: grpc_utils::endpoint::connect: Connecting to gRPC service endpoint=Uds("/mnt/azureml/cr/j/397e0c7d26294efeb2fb29248bc46d2a/.grpc/cs-capability:0") retry=FixedIntervalRetry { attempt_timeout_millis: 50, retry_delay_millis: 10, max_duration: 7200s }
2024-07-02T10:49:13.069698Z  INFO Lifecycler::run_service{distributed_state_sender=None}:serve_more: grpc_utils::endpoint::serve: serving gRPC service endpoint=Uds("/mnt/azureml/cr/j/397e0c7d26294efeb2fb29248bc46d2a/.grpc/lifecycler:0") retry=ExponentialBackoffRetry { retry_delay_secs: 2, delay_factor: 1000, num_retries: 3 }
2024-07-02T10:49:35.858977Z  INFO run_lifecycler:run_service_and_step_through_lifecycle:step_through_lifecycle:connect_capabilities:connect: grpc_utils::endpoint::connect: Successfully connected to gRPC service endpoint=Uds("/mnt/azureml/cr/j/397e0c7d26294efeb2fb29248bc46d2a/.grpc/cs-capability:0")
2024-07-02T10:49:35.859044Z  INFO run_lifecycler:run_service_and_step_through_lifecycle:step_through_lifecycle:connect_capabilities:connect: grpc_utils::endpoint::connect: close time.busy=141ms time.idle=22.6s
2024-07-02T10:49:35.859203Z  INFO run_lifecycler:run_service_and_step_through_lifecycle:step_through_lifecycle:connect_capabilities:connect: grpc_utils::endpoint::connect: Connecting to gRPC service endpoint=Uds("/mnt/azureml/cr/j/397e0c7d26294efeb2fb29248bc46d2a/.grpc/cs-capability:0") retry=FixedIntervalRetry { attempt_timeout_millis: 50, retry_delay_millis: 10, max_duration: 7200s }
2024-07-02T10:49:35.859460Z  INFO run_lifecycler:run_service_and_step_through_lifecycle:step_through_lifecycle:connect_capabilities:connect: grpc_utils::endpoint::connect: Successfully connected to gRPC service endpoint=Uds("/mnt/azureml/cr/j/397e0c7d26294efeb2fb29248bc46d2a/.grpc/cs-capability:0")
2024-07-02T10:49:35.859564Z  INFO run_lifecycler:run_service_and_step_through_lifecycle:step_through_lifecycle:connect_capabilities:connect: grpc_utils::endpoint::connect: close time.busy=329µs time.idle=40.5µs
2024-07-02T10:49:35.859637Z  INFO run_lifecycler:run_service_and_step_through_lifecycle:step_through_lifecycle:connect_capabilities:wait_for_service_healthy: lifecycler::health_monitor: Waiting for service to become healthy: CS_CAPABILITY service_name=CS_CAPABILITY timeout=30s
2024-07-02T10:49:35.859694Z  WARN run_lifecycler:run_service_and_step_through_lifecycle:step_through_lifecycle:connect_capabilities:wait_for_service_healthy: grpc_utils::span: failed to inject span context to grpc request
2024-07-02T10:49:35.861265Z  INFO run_lifecycler:run_service_and_step_through_lifecycle:step_through_lifecycle:connect_capabilities:wait_for_service_healthy: lifecycler::health_client: Health status for service: CS_CAPABILITY service_name=CS_CAPABILITY health_status=1
2024-07-02T10:49:35.861332Z  INFO run_lifecycler:run_service_and_step_through_lifecycle:step_through_lifecycle:connect_capabilities:wait_for_service_healthy: lifecycler::health_monitor: Service has become healthy service_name=CS_CAPABILITY
2024-07-02T10:49:35.861382Z  INFO run_lifecycler:run_service_and_step_through_lifecycle:step_through_lifecycle:connect_capabilities:wait_for_service_healthy: lifecycler::health_monitor: close time.busy=324µs time.idle=1.43ms
2024-07-02T10:49:35.861530Z  INFO run_lifecycler:run_service_and_step_through_lifecycle:step_through_lifecycle:connect_capabilities:connect: grpc_utils::endpoint::connect: Connecting to gRPC service endpoint=Uds("/mnt/azureml/cr/j/397e0c7d26294efeb2fb29248bc46d2a/.grpc/data-capability:0") retry=FixedIntervalRetry { attempt_timeout_millis: 50, retry_delay_millis: 10, max_duration: 7200s }
2024-07-02T10:50:12.332499Z  INFO run_lifecycler:run_service_and_step_through_lifecycle:step_through_lifecycle:connect_capabilities:connect: grpc_utils::endpoint::connect: Successfully connected to gRPC service endpoint=Uds("/mnt/azureml/cr/j/397e0c7d26294efeb2fb29248bc46d2a/.grpc/data-capability:0")
2024-07-02T10:50:12.332569Z  INFO run_lifecycler:run_service_and_step_through_lifecycle:step_through_lifecycle:connect_capabilities:connect: grpc_utils::endpoint::connect: close time.busy=166ms time.idle=36.3s
2024-07-02T10:50:12.332700Z  INFO run_lifecycler:run_service_and_step_through_lifecycle:step_through_lifecycle:connect_capabilities:connect: grpc_utils::endpoint::connect: Connecting to gRPC service endpoint=Uds("/mnt/azureml/cr/j/397e0c7d26294efeb2fb29248bc46d2a/.grpc/data-capability:0") retry=FixedIntervalRetry { attempt_timeout_millis: 50, retry_delay_millis: 10, max_duration: 7200s }
2024-07-02T10:50:12.332886Z  INFO run_lifecycler:run_service_and_step_through_lifecycle:step_through_lifecycle:connect_capabilities:connect: grpc_utils::endpoint::connect: Successfully connected to gRPC service endpoint=Uds("/mnt/azureml/cr/j/397e0c7d26294efeb2fb29248bc46d2a/.grpc/data-capability:0")
2024-07-02T10:50:12.332924Z  INFO run_lifecycler:run_service_and_step_through_lifecycle:step_through_lifecycle:connect_capabilities:connect: grpc_utils::endpoint::connect: close time.busy=154µs time.idle=75.5µs
2024-07-02T10:50:12.332944Z  INFO run_lifecycler:run_service_and_step_through_lifecycle:step_through_lifecycle:connect_capabilities:wait_for_service_healthy: lifecycler::health_monitor: Waiting for service to become healthy: DATA_CAPABILITY service_name=DATA_CAPABILITY timeout=30s
2024-07-02T10:50:12.332976Z  WARN run_lifecycler:run_service_and_step_through_lifecycle:step_through_lifecycle:connect_capabilities:wait_for_service_healthy: grpc_utils::span: failed to inject span context to grpc request
2024-07-02T10:50:12.334189Z  INFO run_lifecycler:run_service_and_step_through_lifecycle:step_through_lifecycle:connect_capabilities:wait_for_service_healthy: lifecycler::health_client: Health status for service: DATA_CAPABILITY service_name=DATA_CAPABILITY health_status=1
2024-07-02T10:50:12.334232Z  INFO run_lifecycler:run_service_and_step_through_lifecycle:step_through_lifecycle:connect_capabilities:wait_for_service_healthy: lifecycler::health_monitor: Service has become healthy service_name=DATA_CAPABILITY
2024-07-02T10:50:12.334257Z  INFO run_lifecycler:run_service_and_step_through_lifecycle:step_through_lifecycle:connect_capabilities:wait_for_service_healthy: lifecycler::health_monitor: close time.busy=181µs time.idle=1.14ms
2024-07-02T10:50:12.334356Z  INFO run_lifecycler:run_service_and_step_through_lifecycle:step_through_lifecycle:connect_capabilities:connect: grpc_utils::endpoint::connect: Connecting to gRPC service endpoint=Uds("/mnt/azureml/cr/j/397e0c7d26294efeb2fb29248bc46d2a/.grpc/hosttools-capability:0") retry=FixedIntervalRetry { attempt_timeout_millis: 50, retry_delay_millis: 10, max_duration: 7200s }
2024-07-02T10:50:12.334564Z  INFO run_lifecycler:run_service_and_step_through_lifecycle:step_through_lifecycle:connect_capabilities:connect: grpc_utils::endpoint::connect: Successfully connected to gRPC service endpoint=Uds("/mnt/azureml/cr/j/397e0c7d26294efeb2fb29248bc46d2a/.grpc/hosttools-capability:0")
2024-07-02T10:50:12.334619Z  INFO run_lifecycler:run_service_and_step_through_lifecycle:step_through_lifecycle:connect_capabilities:connect: grpc_utils::endpoint::connect: close time.busy=184µs time.idle=82.9µs
2024-07-02T10:50:12.334732Z  INFO run_lifecycler:run_service_and_step_through_lifecycle:step_through_lifecycle:connect_capabilities:connect: grpc_utils::endpoint::connect: Connecting to gRPC service endpoint=Uds("/mnt/azureml/cr/j/397e0c7d26294efeb2fb29248bc46d2a/.grpc/hosttools-capability:0") retry=FixedIntervalRetry { attempt_timeout_millis: 50, retry_delay_millis: 10, max_duration: 7200s }
2024-07-02T10:50:12.334899Z  INFO run_lifecycler:run_service_and_step_through_lifecycle:step_through_lifecycle:connect_capabilities:connect: grpc_utils::endpoint::connect: Successfully connected to gRPC service endpoint=Uds("/mnt/azureml/cr/j/397e0c7d26294efeb2fb29248bc46d2a/.grpc/hosttools-capability:0")
2024-07-02T10:50:12.334937Z  INFO run_lifecycler:run_service_and_step_through_lifecycle:step_through_lifecycle:connect_capabilities:connect: grpc_utils::endpoint::connect: close time.busy=140µs time.idle=69.2µs
2024-07-02T10:50:12.334965Z  INFO run_lifecycler:run_service_and_step_through_lifecycle:step_through_lifecycle:connect_capabilities:wait_for_service_healthy: lifecycler::health_monitor: Waiting for service to become healthy: HOSTTOOLS_CAPABILITY service_name=HOSTTOOLS_CAPABILITY timeout=30s
2024-07-02T10:50:12.334990Z  WARN run_lifecycler:run_service_and_step_through_lifecycle:step_through_lifecycle:connect_capabilities:wait_for_service_healthy: grpc_utils::span: failed to inject span context to grpc request
2024-07-02T10:50:12.335370Z  INFO run_lifecycler:run_service_and_step_through_lifecycle:step_through_lifecycle:connect_capabilities:wait_for_service_healthy: lifecycler::health_client: Health status for service: HOSTTOOLS_CAPABILITY service_name=HOSTTOOLS_CAPABILITY health_status=1
2024-07-02T10:50:12.335407Z  INFO run_lifecycler:run_service_and_step_through_lifecycle:step_through_lifecycle:connect_capabilities:wait_for_service_healthy: lifecycler::health_monitor: Service has become healthy service_name=HOSTTOOLS_CAPABILITY
2024-07-02T10:50:12.335427Z  INFO run_lifecycler:run_service_and_step_through_lifecycle:step_through_lifecycle:connect_capabilities:wait_for_service_healthy: lifecycler::health_monitor: close time.busy=138µs time.idle=329µs
2024-07-02T10:50:12.335522Z  INFO run_lifecycler:run_service_and_step_through_lifecycle:step_through_lifecycle:connect_capabilities:connect: grpc_utils::endpoint::connect: Connecting to gRPC service endpoint=Uds("/mnt/azureml/cr/j/397e0c7d26294efeb2fb29248bc46d2a/.grpc/metrics-capability:0") retry=FixedIntervalRetry { attempt_timeout_millis: 50, retry_delay_millis: 10, max_duration: 7200s }
2024-07-02T10:50:12.335684Z  INFO run_lifecycler:run_service_and_step_through_lifecycle:step_through_lifecycle:connect_capabilities:connect: grpc_utils::endpoint::connect: Successfully connected to gRPC service endpoint=Uds("/mnt/azureml/cr/j/397e0c7d26294efeb2fb29248bc46d2a/.grpc/metrics-capability:0")
2024-07-02T10:50:12.335724Z  INFO run_lifecycler:run_service_and_step_through_lifecycle:step_through_lifecycle:connect_capabilities:connect: grpc_utils::endpoint::connect: close time.busy=140µs time.idle=64.3µs
2024-07-02T10:50:12.335830Z  INFO run_lifecycler:run_service_and_step_through_lifecycle:step_through_lifecycle:connect_capabilities:connect: grpc_utils::endpoint::connect: Connecting to gRPC service endpoint=Uds("/mnt/azureml/cr/j/397e0c7d26294efeb2fb29248bc46d2a/.grpc/metrics-capability:0") retry=FixedIntervalRetry { attempt_timeout_millis: 50, retry_delay_millis: 10, max_duration: 7200s }
2024-07-02T10:50:12.336014Z  INFO run_lifecycler:run_service_and_step_through_lifecycle:step_through_lifecycle:connect_capabilities:connect: grpc_utils::endpoint::connect: Successfully connected to gRPC service endpoint=Uds("/mnt/azureml/cr/j/397e0c7d26294efeb2fb29248bc46d2a/.grpc/metrics-capability:0")
2024-07-02T10:50:12.336048Z  INFO run_lifecycler:run_service_and_step_through_lifecycle:step_through_lifecycle:connect_capabilities:connect: grpc_utils::endpoint::connect: close time.busy=146µs time.idle=76.1µs
2024-07-02T10:50:12.336108Z  INFO run_lifecycler:run_service_and_step_through_lifecycle:step_through_lifecycle:connect_capabilities:wait_for_service_healthy: lifecycler::health_monitor: Waiting for service to become healthy: METRICS_CAPABILITY service_name=METRICS_CAPABILITY timeout=30s
2024-07-02T10:50:12.336137Z  WARN run_lifecycler:run_service_and_step_through_lifecycle:step_through_lifecycle:connect_capabilities:wait_for_service_healthy: grpc_utils::span: failed to inject span context to grpc request
2024-07-02T10:50:12.336506Z  INFO run_lifecycler:run_service_and_step_through_lifecycle:step_through_lifecycle:connect_capabilities:wait_for_service_healthy: lifecycler::health_client: Health status for service: METRICS_CAPABILITY service_name=METRICS_CAPABILITY health_status=1
2024-07-02T10:50:12.336533Z  INFO run_lifecycler:run_service_and_step_through_lifecycle:step_through_lifecycle:connect_capabilities:wait_for_service_healthy: lifecycler::health_monitor: Service has become healthy service_name=METRICS_CAPABILITY
2024-07-02T10:50:12.336543Z  INFO run_lifecycler:run_service_and_step_through_lifecycle:step_through_lifecycle:connect_capabilities:wait_for_service_healthy: lifecycler::health_monitor: close time.busy=115µs time.idle=328µs
2024-07-02T10:50:12.336630Z  INFO run_lifecycler:run_service_and_step_through_lifecycle:step_through_lifecycle:connect_capabilities:connect: grpc_utils::endpoint::connect: Connecting to gRPC service endpoint=Uds("/mnt/azureml/cr/j/397e0c7d26294efeb2fb29248bc46d2a/.grpc/snapshot-capability:0") retry=FixedIntervalRetry { attempt_timeout_millis: 50, retry_delay_millis: 10, max_duration: 7200s }
2024-07-02T10:50:12.336828Z  INFO run_lifecycler:run_service_and_step_through_lifecycle:step_through_lifecycle:connect_capabilities:connect: grpc_utils::endpoint::connect: Successfully connected to gRPC service endpoint=Uds("/mnt/azureml/cr/j/397e0c7d26294efeb2fb29248bc46d2a/.grpc/snapshot-capability:0")
2024-07-02T10:50:12.336887Z  INFO run_lifecycler:run_service_and_step_through_lifecycle:step_through_lifecycle:connect_capabilities:connect: grpc_utils::endpoint::connect: close time.busy=162µs time.idle=97.9µs
2024-07-02T10:50:12.336996Z  INFO run_lifecycler:run_service_and_step_through_lifecycle:step_through_lifecycle:connect_capabilities:connect: grpc_utils::endpoint::connect: Connecting to gRPC service endpoint=Uds("/mnt/azureml/cr/j/397e0c7d26294efeb2fb29248bc46d2a/.grpc/snapshot-capability:0") retry=FixedIntervalRetry { attempt_timeout_millis: 50, retry_delay_millis: 10, max_duration: 7200s }
2024-07-02T10:50:12.337153Z  INFO run_lifecycler:run_service_and_step_through_lifecycle:step_through_lifecycle:connect_capabilities:connect: grpc_utils::endpoint::connect: Successfully connected to gRPC service endpoint=Uds("/mnt/azureml/cr/j/397e0c7d26294efeb2fb29248bc46d2a/.grpc/snapshot-capability:0")
2024-07-02T10:50:12.337186Z  INFO run_lifecycler:run_service_and_step_through_lifecycle:step_through_lifecycle:connect_capabilities:connect: grpc_utils::endpoint::connect: close time.busy=136µs time.idle=58.3µs
2024-07-02T10:50:12.337206Z  INFO run_lifecycler:run_service_and_step_through_lifecycle:step_through_lifecycle:connect_capabilities:wait_for_service_healthy: lifecycler::health_monitor: Waiting for service to become healthy: SNAPSHOT_CAPABILITY service_name=SNAPSHOT_CAPABILITY timeout=30s
2024-07-02T10:50:12.337223Z  WARN run_lifecycler:run_service_and_step_through_lifecycle:step_through_lifecycle:connect_capabilities:wait_for_service_healthy: grpc_utils::span: failed to inject span context to grpc request
2024-07-02T10:50:12.337594Z  INFO run_lifecycler:run_service_and_step_through_lifecycle:step_through_lifecycle:connect_capabilities:wait_for_service_healthy: lifecycler::health_client: Health status for service: SNAPSHOT_CAPABILITY service_name=SNAPSHOT_CAPABILITY health_status=1
2024-07-02T10:50:12.337640Z  INFO run_lifecycler:run_service_and_step_through_lifecycle:step_through_lifecycle:connect_capabilities:wait_for_service_healthy: lifecycler::health_monitor: Service has become healthy service_name=SNAPSHOT_CAPABILITY
2024-07-02T10:50:12.337659Z  INFO run_lifecycler:run_service_and_step_through_lifecycle:step_through_lifecycle:connect_capabilities:wait_for_service_healthy: lifecycler::health_monitor: close time.busy=126µs time.idle=331µs
2024-07-02T10:50:12.337679Z  INFO run_lifecycler:run_service_and_step_through_lifecycle:step_through_lifecycle:connect_capabilities: lifecycler::lifecycle: close time.busy=334ms time.idle=58.9s
2024-07-02T10:50:12.337720Z  WARN grpc_utils::span: failed to inject span context to grpc request
2024-07-02T10:50:12.337737Z  WARN run_lifecycler:run_service_and_step_through_lifecycle:step_through_lifecycle:start_capabilities:start{name="CS_CAPABILITY"}: grpc_utils::span: failed to inject span context to grpc request
2024-07-02T10:50:12.337747Z  WARN grpc_utils::span: failed to inject span context to grpc request
2024-07-02T10:50:12.337762Z  WARN grpc_utils::span: failed to inject span context to grpc request
2024-07-02T10:50:12.337773Z  WARN run_lifecycler:run_service_and_step_through_lifecycle:step_through_lifecycle:start_capabilities:start{name="DATA_CAPABILITY"}: grpc_utils::span: failed to inject span context to grpc request
2024-07-02T10:50:12.337780Z  WARN grpc_utils::span: failed to inject span context to grpc request
2024-07-02T10:50:12.337794Z  WARN grpc_utils::span: failed to inject span context to grpc request
2024-07-02T10:50:12.337807Z  WARN run_lifecycler:run_service_and_step_through_lifecycle:step_through_lifecycle:start_capabilities:start{name="HOSTTOOLS_CAPABILITY"}: grpc_utils::span: failed to inject span context to grpc request
2024-07-02T10:50:12.337845Z  WARN run_lifecycler:run_service_and_step_through_lifecycle:step_through_lifecycle:start_capabilities:start{name="METRICS_CAPABILITY"}: grpc_utils::span: failed to inject span context to grpc request
2024-07-02T10:50:12.337900Z  WARN run_lifecycler:run_service_and_step_through_lifecycle:step_through_lifecycle:start_capabilities:start{name="SNAPSHOT_CAPABILITY"}: grpc_utils::span: failed to inject span context to grpc request
2024-07-02T10:50:12.338483Z  INFO run_lifecycler:run_service_and_step_through_lifecycle:step_through_lifecycle:start_capabilities:start{name="METRICS_CAPABILITY"}: lifecycler::capability_client: Received success code for start cap_name=METRICS_CAPABILITY
2024-07-02T10:50:12.338557Z  INFO run_lifecycler:run_service_and_step_through_lifecycle:step_through_lifecycle:start_capabilities:start{name="METRICS_CAPABILITY"}: lifecycler::capability_client: close time.busy=212µs time.idle=512µs
2024-07-02T10:50:12.347382Z  INFO run_lifecycler:run_service_and_step_through_lifecycle:step_through_lifecycle:start_capabilities:start{name="HOSTTOOLS_CAPABILITY"}: lifecycler::capability_client: Received success code for start cap_name=HOSTTOOLS_CAPABILITY
2024-07-02T10:50:12.347452Z  INFO run_lifecycler:run_service_and_step_through_lifecycle:step_through_lifecycle:start_capabilities:start{name="HOSTTOOLS_CAPABILITY"}: lifecycler::capability_client: close time.busy=140µs time.idle=9.51ms
2024-07-02T10:50:12.432074Z  INFO run_lifecycler:run_service_and_step_through_lifecycle:step_through_lifecycle:start_capabilities:start{name="CS_CAPABILITY"}: lifecycler::capability_client: Received success code for start cap_name=CS_CAPABILITY
2024-07-02T10:50:12.432149Z  INFO run_lifecycler:run_service_and_step_through_lifecycle:step_through_lifecycle:start_capabilities:start{name="CS_CAPABILITY"}: lifecycler::capability_client: close time.busy=154µs time.idle=94.3ms
2024-07-02T10:50:12.676813Z  INFO run_lifecycler:run_service_and_step_through_lifecycle:step_through_lifecycle:start_capabilities:start{name="SNAPSHOT_CAPABILITY"}: lifecycler::capability_client: Received success code for start cap_name=SNAPSHOT_CAPABILITY
2024-07-02T10:50:12.676881Z  INFO run_lifecycler:run_service_and_step_through_lifecycle:step_through_lifecycle:start_capabilities:start{name="SNAPSHOT_CAPABILITY"}: lifecycler::capability_client: close time.busy=156µs time.idle=339ms
2024-07-02T10:50:14.768868Z  INFO run_lifecycler:run_service_and_step_through_lifecycle:step_through_lifecycle:start_capabilities:start{name="DATA_CAPABILITY"}: lifecycler::capability_client: Received success code for start cap_name=DATA_CAPABILITY
2024-07-02T10:50:14.768936Z  INFO run_lifecycler:run_service_and_step_through_lifecycle:step_through_lifecycle:start_capabilities:start{name="DATA_CAPABILITY"}: lifecycler::capability_client: close time.busy=271µs time.idle=2.43s
2024-07-02T10:50:14.768973Z  INFO run_lifecycler:run_service_and_step_through_lifecycle:step_through_lifecycle:start_capabilities: lifecycler::lifecycle: close time.busy=1.22ms time.idle=2.43s
2024-07-02T10:50:14.769020Z  INFO run_lifecycler:run_service_and_step_through_lifecycle:step_through_lifecycle:exit_capabilities{cap_type=Operation job_result=JobResult { job_status: Succeeded, error: None }}:get_cap_type{name="CS_CAPABILITY" type=Service}: lifecycler::capability_client: close time.busy=400ns time.idle=3.70µs
2024-07-02T10:50:14.769038Z  INFO run_lifecycler:run_service_and_step_through_lifecycle:step_through_lifecycle:exit_capabilities{cap_type=Operation job_result=JobResult { job_status: Succeeded, error: None }}:get_cap_type{name="DATA_CAPABILITY" type=Service}: lifecycler::capability_client: close time.busy=400ns time.idle=3.60µs
2024-07-02T10:50:14.769055Z  INFO run_lifecycler:run_service_and_step_through_lifecycle:step_through_lifecycle:exit_capabilities{cap_type=Operation job_result=JobResult { job_status: Succeeded, error: None }}:get_cap_type{name="HOSTTOOLS_CAPABILITY" type=Service}: lifecycler::capability_client: close time.busy=400ns time.idle=6.70µs
2024-07-02T10:50:14.769072Z  INFO run_lifecycler:run_service_and_step_through_lifecycle:step_through_lifecycle:exit_capabilities{cap_type=Operation job_result=JobResult { job_status: Succeeded, error: None }}:get_cap_type{name="METRICS_CAPABILITY" type=Service}: lifecycler::capability_client: close time.busy=400ns time.idle=3.40µs
2024-07-02T10:50:14.769092Z  INFO run_lifecycler:run_service_and_step_through_lifecycle:step_through_lifecycle:exit_capabilities{cap_type=Operation job_result=JobResult { job_status: Succeeded, error: None }}:get_cap_type{name="SNAPSHOT_CAPABILITY" type=Service}: lifecycler::capability_client: close time.busy=400ns time.idle=3.20µs
2024-07-02T10:50:14.769109Z  INFO run_lifecycler:run_service_and_step_through_lifecycle:step_through_lifecycle:exit_capabilities{cap_type=Operation job_result=JobResult { job_status: Succeeded, error: None }}: lifecycler::lifecycle: close time.busy=96.9µs time.idle=11.3µs
2024-07-02T10:50:14.769118Z  INFO run_lifecycler:run_service_and_step_through_lifecycle:step_through_lifecycle: lifecycler::lifecycle: exited operation caps: true
2024-07-02T10:50:14.769223Z  INFO run_lifecycler:run_service_and_step_through_lifecycle:step_through_lifecycle:connect_executor:connect:connect: grpc_utils::endpoint::connect: Connecting to gRPC service endpoint=Uds("/mnt/azureml/cr/j/397e0c7d26294efeb2fb29248bc46d2a/.grpc/executor:0") retry=FixedIntervalRetry { attempt_timeout_millis: 50, retry_delay_millis: 10, max_duration: 7200s }
2024-07-02T10:50:14.769461Z  INFO run_lifecycler:run_service_and_step_through_lifecycle:step_through_lifecycle:connect_executor:connect:connect: grpc_utils::endpoint::connect: Successfully connected to gRPC service endpoint=Uds("/mnt/azureml/cr/j/397e0c7d26294efeb2fb29248bc46d2a/.grpc/executor:0")
2024-07-02T10:50:14.769508Z  INFO run_lifecycler:run_service_and_step_through_lifecycle:step_through_lifecycle:connect_executor:connect:connect: grpc_utils::endpoint::connect: close time.busy=218µs time.idle=69.3µs
2024-07-02T10:50:14.769525Z  INFO run_lifecycler:run_service_and_step_through_lifecycle:step_through_lifecycle:connect_executor:connect: lifecycler::executor_client: close time.busy=318µs time.idle=66.8µs
2024-07-02T10:50:14.769622Z  INFO run_lifecycler:run_service_and_step_through_lifecycle:step_through_lifecycle:connect_executor:connect:connect: grpc_utils::endpoint::connect: Connecting to gRPC service endpoint=Uds("/mnt/azureml/cr/j/397e0c7d26294efeb2fb29248bc46d2a/.grpc/executor:0") retry=FixedIntervalRetry { attempt_timeout_millis: 50, retry_delay_millis: 10, max_duration: 7200s }
2024-07-02T10:50:14.769845Z  INFO run_lifecycler:run_service_and_step_through_lifecycle:step_through_lifecycle:connect_executor:connect:connect: grpc_utils::endpoint::connect: Successfully connected to gRPC service endpoint=Uds("/mnt/azureml/cr/j/397e0c7d26294efeb2fb29248bc46d2a/.grpc/executor:0")
2024-07-02T10:50:14.769875Z  INFO run_lifecycler:run_service_and_step_through_lifecycle:step_through_lifecycle:connect_executor:connect:connect: grpc_utils::endpoint::connect: close time.busy=148µs time.idle=117µs
2024-07-02T10:50:14.769890Z  INFO run_lifecycler:run_service_and_step_through_lifecycle:step_through_lifecycle:connect_executor:connect: lifecycler::executor_client: close time.busy=249µs time.idle=107µs
2024-07-02T10:50:14.769956Z  INFO run_lifecycler:run_service_and_step_through_lifecycle:step_through_lifecycle:connect_executor:connect: grpc_utils::endpoint::connect: Connecting to gRPC service endpoint=Uds("/mnt/azureml/cr/j/397e0c7d26294efeb2fb29248bc46d2a/.grpc/executor:0") retry=FixedIntervalRetry { attempt_timeout_millis: 50, retry_delay_millis: 10, max_duration: 7200s }
2024-07-02T10:50:14.770156Z  INFO run_lifecycler:run_service_and_step_through_lifecycle:step_through_lifecycle:connect_executor:connect: grpc_utils::endpoint::connect: Successfully connected to gRPC service endpoint=Uds("/mnt/azureml/cr/j/397e0c7d26294efeb2fb29248bc46d2a/.grpc/executor:0")
2024-07-02T10:50:14.770199Z  INFO run_lifecycler:run_service_and_step_through_lifecycle:step_through_lifecycle:connect_executor:connect: grpc_utils::endpoint::connect: close time.busy=150µs time.idle=95.8µs
2024-07-02T10:50:14.770231Z  INFO run_lifecycler:run_service_and_step_through_lifecycle:step_through_lifecycle:connect_executor:wait_for_service_healthy: lifecycler::health_monitor: Waiting for service to become healthy: Executor service_name=Executor timeout=30s
2024-07-02T10:50:14.770260Z  WARN run_lifecycler:run_service_and_step_through_lifecycle:step_through_lifecycle:connect_executor:wait_for_service_healthy: grpc_utils::span: failed to inject span context to grpc request
2024-07-02T10:50:14.770629Z  INFO run_lifecycler:run_service_and_step_through_lifecycle:step_through_lifecycle:connect_executor:wait_for_service_healthy: lifecycler::health_client: Health status for service: Executor service_name=Executor health_status=1
2024-07-02T10:50:14.770664Z  INFO run_lifecycler:run_service_and_step_through_lifecycle:step_through_lifecycle:connect_executor:wait_for_service_healthy: lifecycler::health_monitor: Service has become healthy service_name=Executor
2024-07-02T10:50:14.770680Z  INFO run_lifecycler:run_service_and_step_through_lifecycle:step_through_lifecycle:connect_executor:wait_for_service_healthy: lifecycler::health_monitor: close time.busy=142µs time.idle=312µs
2024-07-02T10:50:14.770695Z  INFO run_lifecycler:run_service_and_step_through_lifecycle:step_through_lifecycle:connect_executor: lifecycler::lifecycle: close time.busy=995µs time.idle=565µs
2024-07-02T10:50:14.770724Z  INFO run_lifecycler:run_service_and_step_through_lifecycle:step_through_lifecycle:connect_lifecyclers{lifecycler_addresses=None}: lifecycler::lifecycle: close time.busy=1.20µs time.idle=14.1µs
2024-07-02T10:50:14.770771Z  INFO run_lifecycler:run_service_and_step_through_lifecycle:step_through_lifecycle:execute: lifecycler::lifecycle: entering phase rank=None phase=0 is_leader=true entered_phases=false
2024-07-02T10:50:14.770826Z  INFO run_lifecycler:run_service_and_step_through_lifecycle:step_through_lifecycle:execute:barrier_sync: lifecycler::lifecycle: close time.busy=1.00µs time.idle=2.70µs
2024-07-02T10:50:14.770898Z  INFO run_lifecycler:run_service_and_step_through_lifecycle:step_through_lifecycle:execute: lifecycler::lifecycle: Successfully got AzureML Context from environment, updating Run History with new run attempt
2024-07-02T10:50:14.770915Z  WARN run_lifecycler:run_service_and_step_through_lifecycle:step_through_lifecycle:execute: lifecycler::lifecycle: Skip updating run_attempt since cannot find AZUREML_CR_ENABLE_RUN_ATTEMPT_COUNT_BY_RUN_HISTORY from environment
2024-07-02T10:50:14.770939Z  INFO run_lifecycler:run_service_and_step_through_lifecycle:step_through_lifecycle:execute: lifecycler::lifecycle: starting phase execution rank=None phase=0
2024-07-02T10:50:14.770955Z  INFO run_lifecycler:run_service_and_step_through_lifecycle:step_through_lifecycle:execute: lifecycler::lifecycle: executing phase commands rank=None phase=0
2024-07-02T10:50:14.770979Z  INFO run_lifecycler:run_service_and_step_through_lifecycle:step_through_lifecycle:execute:executor_client::execute_commands{lifecycle_address="/mnt/azureml/cr/j/397e0c7d26294efeb2fb29248bc46d2a/.grpc/lifecycler:0" scheduling=None debug_mode=Some(false)}: lifecycler::executor_client: Executing commands
2024-07-02T10:50:14.771031Z  WARN run_lifecycler:run_service_and_step_through_lifecycle:step_through_lifecycle:execute:executor_client::execute_commands{lifecycle_address="/mnt/azureml/cr/j/397e0c7d26294efeb2fb29248bc46d2a/.grpc/lifecycler:0" scheduling=None debug_mode=Some(false)}:executor_client::start_execution{lifecycler_address="/mnt/azureml/cr/j/397e0c7d26294efeb2fb29248bc46d2a/.grpc/lifecycler:0" debug_mode=Some(false) commands_f=Command(Command { executable: Shell { path: None, command: "python pearson_feature_selection.py --train_data $AZUREML_DATAREFERENCE_train_data --test_data $AZUREML_DATAREFERENCE_test_data --feature_quantity $AZUREML_PARAMETER_feature_quantity --train_data_feat_sel $AZURE_ML_OUTPUT_train_data_feat_sel --test_data_feat_sel $AZURE_ML_OUTPUT_test_data_feat_sel\n\n\n\n", success_return_code: Zero { additional_codes: [] } }, stderr: None, stdout: Some("user_logs/std_log.txt") }) path_mappings_f={}}: grpc_utils::span: failed to inject span context to grpc request
2024-07-02T10:50:14.771044Z  INFO run_lifecycler:run_service_and_step_through_lifecycle:step_through_lifecycle:execute:executor_client::execute_commands{lifecycle_address="/mnt/azureml/cr/j/397e0c7d26294efeb2fb29248bc46d2a/.grpc/lifecycler:0" scheduling=None debug_mode=Some(false)}:executor_client::start_execution{lifecycler_address="/mnt/azureml/cr/j/397e0c7d26294efeb2fb29248bc46d2a/.grpc/lifecycler:0" debug_mode=Some(false) commands_f=Command(Command { executable: Shell { path: None, command: "python pearson_feature_selection.py --train_data $AZUREML_DATAREFERENCE_train_data --test_data $AZUREML_DATAREFERENCE_test_data --feature_quantity $AZUREML_PARAMETER_feature_quantity --train_data_feat_sel $AZURE_ML_OUTPUT_train_data_feat_sel --test_data_feat_sel $AZURE_ML_OUTPUT_test_data_feat_sel\n\n\n\n", success_return_code: Zero { additional_codes: [] } }, stderr: None, stdout: Some("user_logs/std_log.txt") }) path_mappings_f={}}: lifecycler::executor_client: Starting execution execution_id=6b7518c0-e89e-4dba-b84f-e382316e803c lifecycler_address=/mnt/azureml/cr/j/397e0c7d26294efeb2fb29248bc46d2a/.grpc/lifecycler:0
2024-07-02T10:50:14.775377Z  INFO run_lifecycler:run_service_and_step_through_lifecycle:step_through_lifecycle:execute:executor_client::execute_commands{lifecycle_address="/mnt/azureml/cr/j/397e0c7d26294efeb2fb29248bc46d2a/.grpc/lifecycler:0" scheduling=None debug_mode=Some(false)}:executor_client::start_execution{lifecycler_address="/mnt/azureml/cr/j/397e0c7d26294efeb2fb29248bc46d2a/.grpc/lifecycler:0" debug_mode=Some(false) commands_f=Command(Command { executable: Shell { path: None, command: "python pearson_feature_selection.py --train_data $AZUREML_DATAREFERENCE_train_data --test_data $AZUREML_DATAREFERENCE_test_data --feature_quantity $AZUREML_PARAMETER_feature_quantity --train_data_feat_sel $AZURE_ML_OUTPUT_train_data_feat_sel --test_data_feat_sel $AZURE_ML_OUTPUT_test_data_feat_sel\n\n\n\n", success_return_code: Zero { additional_codes: [] } }, stderr: None, stdout: Some("user_logs/std_log.txt") }) path_mappings_f={}}: lifecycler::executor_client: close time.busy=108µs time.idle=4.27ms
2024-07-02T10:50:14.775423Z  INFO run_lifecycler:run_service_and_step_through_lifecycle:step_through_lifecycle:execute:executor_client::execute_commands{lifecycle_address="/mnt/azureml/cr/j/397e0c7d26294efeb2fb29248bc46d2a/.grpc/lifecycler:0" scheduling=None debug_mode=Some(false)}: lifecycler::executor_client: Waiting for execution completion execution_id="6b7518c0-e89e-4dba-b84f-e382316e803c"
2024-07-02T10:50:23.378464Z  INFO ExecutionCallbackServicer::complete_execution: grpc_utils::server: Got grpc request request_name="complete_execution" remote_addr=None
2024-07-02T10:50:23.378532Z  INFO ExecutionCallbackServicer::complete_execution: lifecycler::service: close time.busy=74.9µs time.idle=13.4µs
2024-07-02T10:50:23.378564Z  INFO run_lifecycler:run_service_and_step_through_lifecycle:step_through_lifecycle:execute:executor_client::execute_commands{lifecycle_address="/mnt/azureml/cr/j/397e0c7d26294efeb2fb29248bc46d2a/.grpc/lifecycler:0" scheduling=None debug_mode=Some(false)}:executor_client::wait_for_execution_completion{execution_id="6b7518c0-e89e-4dba-b84f-e382316e803c"}: lifecycler::executor_client: close time.busy=5.50µs time.idle=8.60s
2024-07-02T10:50:23.378620Z  INFO run_lifecycler:run_service_and_step_through_lifecycle:step_through_lifecycle:execute:executor_client::execute_commands{lifecycle_address="/mnt/azureml/cr/j/397e0c7d26294efeb2fb29248bc46d2a/.grpc/lifecycler:0" scheduling=None debug_mode=Some(false)}: lifecycler::executor_client: Execution completed execution_id="6b7518c0-e89e-4dba-b84f-e382316e803c"
2024-07-02T10:50:23.378677Z  INFO run_lifecycler:run_service_and_step_through_lifecycle:step_through_lifecycle:execute:executor_client::execute_commands{lifecycle_address="/mnt/azureml/cr/j/397e0c7d26294efeb2fb29248bc46d2a/.grpc/lifecycler:0" scheduling=None debug_mode=Some(false)}: lifecycler::executor_client: close time.busy=347µs time.idle=8.61s
2024-07-02T10:50:23.378705Z  INFO run_lifecycler:run_service_and_step_through_lifecycle:step_through_lifecycle:execute: lifecycler::lifecycle: phase execution completed. rank=None phase=0
2024-07-02T10:50:23.378846Z  INFO run_lifecycler:run_service_and_step_through_lifecycle:step_through_lifecycle:execute: lifecycler::lifecycle: close time.busy=760µs time.idle=8.61s
2024-07-02T10:50:23.378911Z  INFO run_lifecycler:run_service_and_step_through_lifecycle:step_through_lifecycle:end_service_capabilities:get_cap_type{name="CS_CAPABILITY" type=Service}: lifecycler::capability_client: close time.busy=400ns time.idle=4.70µs
2024-07-02T10:50:23.378951Z  INFO run_lifecycler:run_service_and_step_through_lifecycle:step_through_lifecycle:end_service_capabilities:get_cap_type{name="DATA_CAPABILITY" type=Service}: lifecycler::capability_client: close time.busy=400ns time.idle=3.50µs
2024-07-02T10:50:23.378992Z  INFO run_lifecycler:run_service_and_step_through_lifecycle:step_through_lifecycle:end_service_capabilities:get_cap_type{name="HOSTTOOLS_CAPABILITY" type=Service}: lifecycler::capability_client: close time.busy=500ns time.idle=3.80µs
2024-07-02T10:50:23.379016Z  INFO run_lifecycler:run_service_and_step_through_lifecycle:step_through_lifecycle:end_service_capabilities:get_cap_type{name="METRICS_CAPABILITY" type=Service}: lifecycler::capability_client: close time.busy=600ns time.idle=4.10µs
2024-07-02T10:50:23.379031Z  INFO run_lifecycler:run_service_and_step_through_lifecycle:step_through_lifecycle:end_service_capabilities:get_cap_type{name="SNAPSHOT_CAPABILITY" type=Service}: lifecycler::capability_client: close time.busy=300ns time.idle=2.90µs
2024-07-02T10:50:23.379065Z  WARN run_lifecycler:run_service_and_step_through_lifecycle:step_through_lifecycle:end_service_capabilities:end{name="CS_CAPABILITY"}: grpc_utils::span: failed to inject span context to grpc request
2024-07-02T10:50:23.379105Z  WARN run_lifecycler:run_service_and_step_through_lifecycle:step_through_lifecycle:end_service_capabilities:end{name="DATA_CAPABILITY"}: grpc_utils::span: failed to inject span context to grpc request
2024-07-02T10:50:23.379136Z  WARN run_lifecycler:run_service_and_step_through_lifecycle:step_through_lifecycle:end_service_capabilities:end{name="HOSTTOOLS_CAPABILITY"}: grpc_utils::span: failed to inject span context to grpc request
2024-07-02T10:50:23.379167Z  WARN run_lifecycler:run_service_and_step_through_lifecycle:step_through_lifecycle:end_service_capabilities:end{name="METRICS_CAPABILITY"}: grpc_utils::span: failed to inject span context to grpc request
2024-07-02T10:50:23.379235Z  WARN run_lifecycler:run_service_and_step_through_lifecycle:step_through_lifecycle:end_service_capabilities:end{name="SNAPSHOT_CAPABILITY"}: grpc_utils::span: failed to inject span context to grpc request
2024-07-02T10:50:23.380344Z  INFO run_lifecycler:run_service_and_step_through_lifecycle:step_through_lifecycle:end_service_capabilities:end{name="METRICS_CAPABILITY"}: lifecycler::capability_client: Received success code for end cap_name=METRICS_CAPABILITY
2024-07-02T10:50:23.380394Z  INFO run_lifecycler:run_service_and_step_through_lifecycle:step_through_lifecycle:end_service_capabilities:end{name="METRICS_CAPABILITY"}: lifecycler::capability_client: close time.busy=143µs time.idle=1.09ms
2024-07-02T10:50:23.380422Z  INFO run_lifecycler:run_service_and_step_through_lifecycle:step_through_lifecycle:end_service_capabilities:end{name="SNAPSHOT_CAPABILITY"}: lifecycler::capability_client: Received success code for end cap_name=SNAPSHOT_CAPABILITY
2024-07-02T10:50:23.380446Z  INFO run_lifecycler:run_service_and_step_through_lifecycle:step_through_lifecycle:end_service_capabilities:end{name="SNAPSHOT_CAPABILITY"}: lifecycler::capability_client: close time.busy=88.8µs time.idle=1.13ms
