2024-07-22T02:51:53.619985Z  INFO telemetry: job_telemetry_init artifact_type=installed branch=origin/6e03ba4b1cb1159fc014a3b38cf7b9e6f3936e61 ci_number=20240720.1 ci_name=CommonRuntime-Linux-prod-build-OneBranchOfficial build_time=2024-07-20 13:04:58.283909
2024-07-22T02:51:53.620259Z  INFO load_config_from_env: lifecycler::config: Resolved grpc addresses lifecycler_address=/mnt/azureml/cr/j/c3496720c3e246b1857a7019590f0196/.grpc/lifecycler:0 executor_address=/mnt/azureml/cr/j/c3496720c3e246b1857a7019590f0196/.grpc/executor:0
2024-07-22T02:51:53.620554Z  INFO load_config_from_env:load_capability_addresses_from_env{capability_endpoints_from_config={"CS_CAPABILITY": CapabilityEndpoint { name: "CS_CAPABILITY", address: "/mnt/azureml/cr/j/c3496720c3e246b1857a7019590f0196/.grpc/cs-capability:0", type: Service }, "DATA_CAPABILITY": CapabilityEndpoint { name: "DATA_CAPABILITY", address: "/mnt/azureml/cr/j/c3496720c3e246b1857a7019590f0196/.grpc/data-capability:0", type: Service }, "HOSTTOOLS_CAPABILITY": CapabilityEndpoint { name: "HOSTTOOLS_CAPABILITY", address: "/mnt/azureml/cr/j/c3496720c3e246b1857a7019590f0196/.grpc/hosttools-capability:0", type: Service }, "METRICS_CAPABILITY": CapabilityEndpoint { name: "METRICS_CAPABILITY", address: "/mnt/azureml/cr/j/c3496720c3e246b1857a7019590f0196/.grpc/metrics-capability:0", type: Service }, "SNAPSHOT_CAPABILITY": CapabilityEndpoint { name: "SNAPSHOT_CAPABILITY", address: "/mnt/azureml/cr/j/c3496720c3e246b1857a7019590f0196/.grpc/snapshot-capability:0", type: Service }}}: lifecycler::config: close time.busy=200µs time.idle=40.3µs
2024-07-22T02:51:53.620592Z  INFO load_config_from_env: lifecycler::config: close time.busy=494µs time.idle=15.4µs
2024-07-22T02:51:53.620663Z  INFO run_lifecycler:run_service_and_step_through_lifecycle: lifecycler::lifecycle: distributed config is not specified, skip setting up distributed barrier
2024-07-22T02:51:53.620695Z  INFO run_lifecycler:run_service_and_step_through_lifecycle: lifecycler::lifecycle: Trying to configure lifecycler to ignore termination signals
2024-07-22T02:51:53.620723Z  INFO run_lifecycler:run_service_and_step_through_lifecycle: cr_core: Successfully configured current process to ignore termination signals
2024-07-22T02:51:53.620914Z  INFO run_lifecycler:run_service_and_step_through_lifecycle:step_through_lifecycle:connect_capabilities:connect: grpc_utils::endpoint::connect: Connecting to gRPC service endpoint=Uds("/mnt/azureml/cr/j/c3496720c3e246b1857a7019590f0196/.grpc/cs-capability:0") retry=FixedIntervalRetry { attempt_timeout_millis: 50, retry_delay_millis: 10, max_duration: 7200s }
2024-07-22T02:51:53.624088Z  INFO Lifecycler::run_service{distributed_state_sender=None}: lifecycler::service: serving lifecycle service address=/mnt/azureml/cr/j/c3496720c3e246b1857a7019590f0196/.grpc/lifecycler:0
2024-07-22T02:51:53.624262Z  INFO Lifecycler::run_service{distributed_state_sender=None}:serve_more: grpc_utils::endpoint::serve: serving gRPC service endpoint=Uds("/mnt/azureml/cr/j/c3496720c3e246b1857a7019590f0196/.grpc/lifecycler:0") retry=ExponentialBackoffRetry { retry_delay_secs: 2, delay_factor: 1000, num_retries: 3 }
2024-07-22T02:51:54.647864Z  INFO run_lifecycler:run_service_and_step_through_lifecycle:step_through_lifecycle:connect_capabilities:connect: grpc_utils::endpoint::connect: Successfully connected to gRPC service endpoint=Uds("/mnt/azureml/cr/j/c3496720c3e246b1857a7019590f0196/.grpc/cs-capability:0")
2024-07-22T02:51:54.648187Z  INFO run_lifecycler:run_service_and_step_through_lifecycle:step_through_lifecycle:connect_capabilities:connect: grpc_utils::endpoint::connect: close time.busy=11.3ms time.idle=1.02s
2024-07-22T02:51:54.648371Z  INFO run_lifecycler:run_service_and_step_through_lifecycle:step_through_lifecycle:connect_capabilities:connect: grpc_utils::endpoint::connect: Connecting to gRPC service endpoint=Uds("/mnt/azureml/cr/j/c3496720c3e246b1857a7019590f0196/.grpc/cs-capability:0") retry=FixedIntervalRetry { attempt_timeout_millis: 50, retry_delay_millis: 10, max_duration: 7200s }
2024-07-22T02:51:54.648964Z  INFO run_lifecycler:run_service_and_step_through_lifecycle:step_through_lifecycle:connect_capabilities:connect: grpc_utils::endpoint::connect: Successfully connected to gRPC service endpoint=Uds("/mnt/azureml/cr/j/c3496720c3e246b1857a7019590f0196/.grpc/cs-capability:0")
2024-07-22T02:51:54.649092Z  INFO run_lifecycler:run_service_and_step_through_lifecycle:step_through_lifecycle:connect_capabilities:connect: grpc_utils::endpoint::connect: close time.busy=696µs time.idle=31.5µs
2024-07-22T02:51:54.649168Z  INFO run_lifecycler:run_service_and_step_through_lifecycle:step_through_lifecycle:connect_capabilities:wait_for_service_healthy: lifecycler::health_monitor: Waiting for service to become healthy: CS_CAPABILITY service_name=CS_CAPABILITY timeout=30s
2024-07-22T02:51:54.649237Z  WARN run_lifecycler:run_service_and_step_through_lifecycle:step_through_lifecycle:connect_capabilities:wait_for_service_healthy: grpc_utils::span: failed to inject span context to grpc request
2024-07-22T02:51:54.651649Z  INFO run_lifecycler:run_service_and_step_through_lifecycle:step_through_lifecycle:connect_capabilities:wait_for_service_healthy: lifecycler::health_client: Health status for service: CS_CAPABILITY service_name=CS_CAPABILITY health_status=1
2024-07-22T02:51:54.651740Z  INFO run_lifecycler:run_service_and_step_through_lifecycle:step_through_lifecycle:connect_capabilities:wait_for_service_healthy: lifecycler::health_monitor: Service has become healthy service_name=CS_CAPABILITY
2024-07-22T02:51:54.651777Z  INFO run_lifecycler:run_service_and_step_through_lifecycle:step_through_lifecycle:connect_capabilities:wait_for_service_healthy: lifecycler::health_monitor: close time.busy=271µs time.idle=2.34ms
2024-07-22T02:51:54.651910Z  INFO run_lifecycler:run_service_and_step_through_lifecycle:step_through_lifecycle:connect_capabilities:connect: grpc_utils::endpoint::connect: Connecting to gRPC service endpoint=Uds("/mnt/azureml/cr/j/c3496720c3e246b1857a7019590f0196/.grpc/data-capability:0") retry=FixedIntervalRetry { attempt_timeout_millis: 50, retry_delay_millis: 10, max_duration: 7200s }
2024-07-22T02:51:56.744519Z  INFO run_lifecycler:run_service_and_step_through_lifecycle:step_through_lifecycle:connect_capabilities:connect: grpc_utils::endpoint::connect: Successfully connected to gRPC service endpoint=Uds("/mnt/azureml/cr/j/c3496720c3e246b1857a7019590f0196/.grpc/data-capability:0")
2024-07-22T02:51:56.744631Z  INFO run_lifecycler:run_service_and_step_through_lifecycle:step_through_lifecycle:connect_capabilities:connect: grpc_utils::endpoint::connect: close time.busy=12.2ms time.idle=2.08s
2024-07-22T02:51:56.744835Z  INFO run_lifecycler:run_service_and_step_through_lifecycle:step_through_lifecycle:connect_capabilities:connect: grpc_utils::endpoint::connect: Connecting to gRPC service endpoint=Uds("/mnt/azureml/cr/j/c3496720c3e246b1857a7019590f0196/.grpc/data-capability:0") retry=FixedIntervalRetry { attempt_timeout_millis: 50, retry_delay_millis: 10, max_duration: 7200s }
2024-07-22T02:51:56.745093Z  INFO run_lifecycler:run_service_and_step_through_lifecycle:step_through_lifecycle:connect_capabilities:connect: grpc_utils::endpoint::connect: Successfully connected to gRPC service endpoint=Uds("/mnt/azureml/cr/j/c3496720c3e246b1857a7019590f0196/.grpc/data-capability:0")
2024-07-22T02:51:56.745189Z  INFO run_lifecycler:run_service_and_step_through_lifecycle:step_through_lifecycle:connect_capabilities:connect: grpc_utils::endpoint::connect: close time.busy=313µs time.idle=48.8µs
2024-07-22T02:51:56.745297Z  INFO run_lifecycler:run_service_and_step_through_lifecycle:step_through_lifecycle:connect_capabilities:wait_for_service_healthy: lifecycler::health_monitor: Waiting for service to become healthy: DATA_CAPABILITY service_name=DATA_CAPABILITY timeout=30s
2024-07-22T02:51:56.745364Z  WARN run_lifecycler:run_service_and_step_through_lifecycle:step_through_lifecycle:connect_capabilities:wait_for_service_healthy: grpc_utils::span: failed to inject span context to grpc request
2024-07-22T02:51:56.747598Z  INFO run_lifecycler:run_service_and_step_through_lifecycle:step_through_lifecycle:connect_capabilities:wait_for_service_healthy: lifecycler::health_client: Health status for service: DATA_CAPABILITY service_name=DATA_CAPABILITY health_status=1
2024-07-22T02:51:56.747687Z  INFO run_lifecycler:run_service_and_step_through_lifecycle:step_through_lifecycle:connect_capabilities:wait_for_service_healthy: lifecycler::health_monitor: Service has become healthy service_name=DATA_CAPABILITY
2024-07-22T02:51:56.747737Z  INFO run_lifecycler:run_service_and_step_through_lifecycle:step_through_lifecycle:connect_capabilities:wait_for_service_healthy: lifecycler::health_monitor: close time.busy=377µs time.idle=2.07ms
2024-07-22T02:51:56.747895Z  INFO run_lifecycler:run_service_and_step_through_lifecycle:step_through_lifecycle:connect_capabilities:connect: grpc_utils::endpoint::connect: Connecting to gRPC service endpoint=Uds("/mnt/azureml/cr/j/c3496720c3e246b1857a7019590f0196/.grpc/hosttools-capability:0") retry=FixedIntervalRetry { attempt_timeout_millis: 50, retry_delay_millis: 10, max_duration: 7200s }
2024-07-22T02:51:56.748078Z  INFO run_lifecycler:run_service_and_step_through_lifecycle:step_through_lifecycle:connect_capabilities:connect: grpc_utils::endpoint::connect: Successfully connected to gRPC service endpoint=Uds("/mnt/azureml/cr/j/c3496720c3e246b1857a7019590f0196/.grpc/hosttools-capability:0")
2024-07-22T02:51:56.748346Z  INFO run_lifecycler:run_service_and_step_through_lifecycle:step_through_lifecycle:connect_capabilities:connect: grpc_utils::endpoint::connect: close time.busy=451µs time.idle=5.40µs
2024-07-22T02:51:56.748537Z  INFO run_lifecycler:run_service_and_step_through_lifecycle:step_through_lifecycle:connect_capabilities:connect: grpc_utils::endpoint::connect: Connecting to gRPC service endpoint=Uds("/mnt/azureml/cr/j/c3496720c3e246b1857a7019590f0196/.grpc/hosttools-capability:0") retry=FixedIntervalRetry { attempt_timeout_millis: 50, retry_delay_millis: 10, max_duration: 7200s }
2024-07-22T02:51:56.748756Z  INFO run_lifecycler:run_service_and_step_through_lifecycle:step_through_lifecycle:connect_capabilities:connect: grpc_utils::endpoint::connect: Successfully connected to gRPC service endpoint=Uds("/mnt/azureml/cr/j/c3496720c3e246b1857a7019590f0196/.grpc/hosttools-capability:0")
2024-07-22T02:51:56.748827Z  INFO run_lifecycler:run_service_and_step_through_lifecycle:step_through_lifecycle:connect_capabilities:connect: grpc_utils::endpoint::connect: close time.busy=282µs time.idle=12.8µs
2024-07-22T02:51:56.748885Z  INFO run_lifecycler:run_service_and_step_through_lifecycle:step_through_lifecycle:connect_capabilities:wait_for_service_healthy: lifecycler::health_monitor: Waiting for service to become healthy: HOSTTOOLS_CAPABILITY service_name=HOSTTOOLS_CAPABILITY timeout=30s
2024-07-22T02:51:56.748951Z  WARN run_lifecycler:run_service_and_step_through_lifecycle:step_through_lifecycle:connect_capabilities:wait_for_service_healthy: grpc_utils::span: failed to inject span context to grpc request
2024-07-22T02:51:56.749607Z  INFO run_lifecycler:run_service_and_step_through_lifecycle:step_through_lifecycle:connect_capabilities:wait_for_service_healthy: lifecycler::health_client: Health status for service: HOSTTOOLS_CAPABILITY service_name=HOSTTOOLS_CAPABILITY health_status=1
2024-07-22T02:51:56.749673Z  INFO run_lifecycler:run_service_and_step_through_lifecycle:step_through_lifecycle:connect_capabilities:wait_for_service_healthy: lifecycler::health_monitor: Service has become healthy service_name=HOSTTOOLS_CAPABILITY
2024-07-22T02:51:56.749736Z  INFO run_lifecycler:run_service_and_step_through_lifecycle:step_through_lifecycle:connect_capabilities:wait_for_service_healthy: lifecycler::health_monitor: close time.busy=317µs time.idle=539µs
2024-07-22T02:51:56.749861Z  INFO run_lifecycler:run_service_and_step_through_lifecycle:step_through_lifecycle:connect_capabilities:connect: grpc_utils::endpoint::connect: Connecting to gRPC service endpoint=Uds("/mnt/azureml/cr/j/c3496720c3e246b1857a7019590f0196/.grpc/metrics-capability:0") retry=FixedIntervalRetry { attempt_timeout_millis: 50, retry_delay_millis: 10, max_duration: 7200s }
2024-07-22T02:51:56.750089Z  INFO run_lifecycler:run_service_and_step_through_lifecycle:step_through_lifecycle:connect_capabilities:connect: grpc_utils::endpoint::connect: Successfully connected to gRPC service endpoint=Uds("/mnt/azureml/cr/j/c3496720c3e246b1857a7019590f0196/.grpc/metrics-capability:0")
2024-07-22T02:51:56.750161Z  INFO run_lifecycler:run_service_and_step_through_lifecycle:step_through_lifecycle:connect_capabilities:connect: grpc_utils::endpoint::connect: close time.busy=241µs time.idle=62.8µs
2024-07-22T02:51:56.750469Z  INFO run_lifecycler:run_service_and_step_through_lifecycle:step_through_lifecycle:connect_capabilities:connect: grpc_utils::endpoint::connect: Connecting to gRPC service endpoint=Uds("/mnt/azureml/cr/j/c3496720c3e246b1857a7019590f0196/.grpc/metrics-capability:0") retry=FixedIntervalRetry { attempt_timeout_millis: 50, retry_delay_millis: 10, max_duration: 7200s }
2024-07-22T02:51:56.750687Z  INFO run_lifecycler:run_service_and_step_through_lifecycle:step_through_lifecycle:connect_capabilities:connect: grpc_utils::endpoint::connect: Successfully connected to gRPC service endpoint=Uds("/mnt/azureml/cr/j/c3496720c3e246b1857a7019590f0196/.grpc/metrics-capability:0")
2024-07-22T02:51:56.750878Z  INFO run_lifecycler:run_service_and_step_through_lifecycle:step_through_lifecycle:connect_capabilities:connect: grpc_utils::endpoint::connect: close time.busy=381µs time.idle=31.5µs
2024-07-22T02:51:56.750968Z  INFO run_lifecycler:run_service_and_step_through_lifecycle:step_through_lifecycle:connect_capabilities:wait_for_service_healthy: lifecycler::health_monitor: Waiting for service to become healthy: METRICS_CAPABILITY service_name=METRICS_CAPABILITY timeout=30s
2024-07-22T02:51:56.751024Z  WARN run_lifecycler:run_service_and_step_through_lifecycle:step_through_lifecycle:connect_capabilities:wait_for_service_healthy: grpc_utils::span: failed to inject span context to grpc request
2024-07-22T02:51:56.751594Z  INFO run_lifecycler:run_service_and_step_through_lifecycle:step_through_lifecycle:connect_capabilities:wait_for_service_healthy: lifecycler::health_client: Health status for service: METRICS_CAPABILITY service_name=METRICS_CAPABILITY health_status=1
2024-07-22T02:51:56.751667Z  INFO run_lifecycler:run_service_and_step_through_lifecycle:step_through_lifecycle:connect_capabilities:wait_for_service_healthy: lifecycler::health_monitor: Service has become healthy service_name=METRICS_CAPABILITY
2024-07-22T02:51:56.751716Z  INFO run_lifecycler:run_service_and_step_through_lifecycle:step_through_lifecycle:connect_capabilities:wait_for_service_healthy: lifecycler::health_monitor: close time.busy=288µs time.idle=465µs
2024-07-22T02:51:56.751858Z  INFO run_lifecycler:run_service_and_step_through_lifecycle:step_through_lifecycle:connect_capabilities:connect: grpc_utils::endpoint::connect: Connecting to gRPC service endpoint=Uds("/mnt/azureml/cr/j/c3496720c3e246b1857a7019590f0196/.grpc/snapshot-capability:0") retry=FixedIntervalRetry { attempt_timeout_millis: 50, retry_delay_millis: 10, max_duration: 7200s }
2024-07-22T02:51:56.752086Z  INFO run_lifecycler:run_service_and_step_through_lifecycle:step_through_lifecycle:connect_capabilities:connect: grpc_utils::endpoint::connect: Successfully connected to gRPC service endpoint=Uds("/mnt/azureml/cr/j/c3496720c3e246b1857a7019590f0196/.grpc/snapshot-capability:0")
2024-07-22T02:51:56.752156Z  INFO run_lifecycler:run_service_and_step_through_lifecycle:step_through_lifecycle:connect_capabilities:connect: grpc_utils::endpoint::connect: close time.busy=247µs time.idle=54.6µs
2024-07-22T02:51:56.752265Z  INFO run_lifecycler:run_service_and_step_through_lifecycle:step_through_lifecycle:connect_capabilities:connect: grpc_utils::endpoint::connect: Connecting to gRPC service endpoint=Uds("/mnt/azureml/cr/j/c3496720c3e246b1857a7019590f0196/.grpc/snapshot-capability:0") retry=FixedIntervalRetry { attempt_timeout_millis: 50, retry_delay_millis: 10, max_duration: 7200s }
2024-07-22T02:51:56.752413Z  INFO run_lifecycler:run_service_and_step_through_lifecycle:step_through_lifecycle:connect_capabilities:connect: grpc_utils::endpoint::connect: Successfully connected to gRPC service endpoint=Uds("/mnt/azureml/cr/j/c3496720c3e246b1857a7019590f0196/.grpc/snapshot-capability:0")
2024-07-22T02:51:56.752468Z  INFO run_lifecycler:run_service_and_step_through_lifecycle:step_through_lifecycle:connect_capabilities:connect: grpc_utils::endpoint::connect: close time.busy=163µs time.idle=42.7µs
2024-07-22T02:51:56.752513Z  INFO run_lifecycler:run_service_and_step_through_lifecycle:step_through_lifecycle:connect_capabilities:wait_for_service_healthy: lifecycler::health_monitor: Waiting for service to become healthy: SNAPSHOT_CAPABILITY service_name=SNAPSHOT_CAPABILITY timeout=30s
2024-07-22T02:51:56.752554Z  WARN run_lifecycler:run_service_and_step_through_lifecycle:step_through_lifecycle:connect_capabilities:wait_for_service_healthy: grpc_utils::span: failed to inject span context to grpc request
2024-07-22T02:51:56.753134Z  INFO run_lifecycler:run_service_and_step_through_lifecycle:step_through_lifecycle:connect_capabilities:wait_for_service_healthy: lifecycler::health_client: Health status for service: SNAPSHOT_CAPABILITY service_name=SNAPSHOT_CAPABILITY health_status=1
2024-07-22T02:51:56.753200Z  INFO run_lifecycler:run_service_and_step_through_lifecycle:step_through_lifecycle:connect_capabilities:wait_for_service_healthy: lifecycler::health_monitor: Service has become healthy service_name=SNAPSHOT_CAPABILITY
2024-07-22T02:51:56.753237Z  INFO run_lifecycler:run_service_and_step_through_lifecycle:step_through_lifecycle:connect_capabilities:wait_for_service_healthy: lifecycler::health_monitor: close time.busy=227µs time.idle=499µs
2024-07-22T02:51:56.753272Z  INFO run_lifecycler:run_service_and_step_through_lifecycle:step_through_lifecycle:connect_capabilities: lifecycler::lifecycle: close time.busy=31.2ms time.idle=3.10s
2024-07-22T02:51:56.753325Z  WARN grpc_utils::span: failed to inject span context to grpc request
2024-07-22T02:51:56.753360Z  WARN grpc_utils::span: failed to inject span context to grpc request
2024-07-22T02:51:56.753389Z  WARN grpc_utils::span: failed to inject span context to grpc request
2024-07-22T02:51:56.753427Z  WARN grpc_utils::span: failed to inject span context to grpc request
2024-07-22T02:51:56.753448Z  WARN grpc_utils::span: failed to inject span context to grpc request
2024-07-22T02:51:56.753975Z  WARN run_lifecycler:run_service_and_step_through_lifecycle:step_through_lifecycle:start_capabilities:start{name="CS_CAPABILITY"}: grpc_utils::span: failed to inject span context to grpc request
2024-07-22T02:51:56.754054Z  WARN run_lifecycler:run_service_and_step_through_lifecycle:step_through_lifecycle:start_capabilities:start{name="DATA_CAPABILITY"}: grpc_utils::span: failed to inject span context to grpc request
2024-07-22T02:51:56.754352Z  WARN run_lifecycler:run_service_and_step_through_lifecycle:step_through_lifecycle:start_capabilities:start{name="HOSTTOOLS_CAPABILITY"}: grpc_utils::span: failed to inject span context to grpc request
2024-07-22T02:51:56.754433Z  WARN run_lifecycler:run_service_and_step_through_lifecycle:step_through_lifecycle:start_capabilities:start{name="METRICS_CAPABILITY"}: grpc_utils::span: failed to inject span context to grpc request
2024-07-22T02:51:56.754499Z  WARN run_lifecycler:run_service_and_step_through_lifecycle:step_through_lifecycle:start_capabilities:start{name="SNAPSHOT_CAPABILITY"}: grpc_utils::span: failed to inject span context to grpc request
2024-07-22T02:51:56.756465Z  INFO run_lifecycler:run_service_and_step_through_lifecycle:step_through_lifecycle:start_capabilities:start{name="HOSTTOOLS_CAPABILITY"}: lifecycler::capability_client: Received success code for start cap_name=HOSTTOOLS_CAPABILITY
2024-07-22T02:51:56.756546Z  INFO run_lifecycler:run_service_and_step_through_lifecycle:step_through_lifecycle:start_capabilities:start{name="HOSTTOOLS_CAPABILITY"}: lifecycler::capability_client: close time.busy=208µs time.idle=1.99ms
2024-07-22T02:51:56.756621Z  INFO run_lifecycler:run_service_and_step_through_lifecycle:step_through_lifecycle:start_capabilities:start{name="METRICS_CAPABILITY"}: lifecycler::capability_client: Received success code for start cap_name=METRICS_CAPABILITY
2024-07-22T02:51:56.756687Z  INFO run_lifecycler:run_service_and_step_through_lifecycle:step_through_lifecycle:start_capabilities:start{name="METRICS_CAPABILITY"}: lifecycler::capability_client: close time.busy=161µs time.idle=2.10ms
2024-07-22T02:51:56.857741Z  INFO run_lifecycler:run_service_and_step_through_lifecycle:step_through_lifecycle:start_capabilities:start{name="CS_CAPABILITY"}: lifecycler::capability_client: Received success code for start cap_name=CS_CAPABILITY
2024-07-22T02:51:56.857856Z  INFO run_lifecycler:run_service_and_step_through_lifecycle:step_through_lifecycle:start_capabilities:start{name="CS_CAPABILITY"}: lifecycler::capability_client: close time.busy=251µs time.idle=104ms
2024-07-22T02:51:57.179913Z  INFO run_lifecycler:run_service_and_step_through_lifecycle:step_through_lifecycle:start_capabilities:start{name="SNAPSHOT_CAPABILITY"}: lifecycler::capability_client: Received success code for start cap_name=SNAPSHOT_CAPABILITY
2024-07-22T02:51:57.179983Z  INFO run_lifecycler:run_service_and_step_through_lifecycle:step_through_lifecycle:start_capabilities:start{name="SNAPSHOT_CAPABILITY"}: lifecycler::capability_client: close time.busy=191µs time.idle=425ms
2024-07-22T02:51:59.180230Z  INFO run_lifecycler:run_service_and_step_through_lifecycle:step_through_lifecycle:start_capabilities:start{name="DATA_CAPABILITY"}: lifecycler::capability_client: Received success code for start cap_name=DATA_CAPABILITY
2024-07-22T02:51:59.180313Z  INFO run_lifecycler:run_service_and_step_through_lifecycle:step_through_lifecycle:start_capabilities:start{name="DATA_CAPABILITY"}: lifecycler::capability_client: close time.busy=311µs time.idle=2.43s
2024-07-22T02:51:59.180367Z  INFO run_lifecycler:run_service_and_step_through_lifecycle:step_through_lifecycle:start_capabilities: lifecycler::lifecycle: close time.busy=2.25ms time.idle=2.42s
2024-07-22T02:51:59.180424Z  INFO run_lifecycler:run_service_and_step_through_lifecycle:step_through_lifecycle:exit_capabilities{cap_type=Operation job_result=JobResult { job_status: Succeeded, error: None }}:get_cap_type{name="CS_CAPABILITY" type=Service}: lifecycler::capability_client: close time.busy=500ns time.idle=4.00µs
2024-07-22T02:51:59.180443Z  INFO run_lifecycler:run_service_and_step_through_lifecycle:step_through_lifecycle:exit_capabilities{cap_type=Operation job_result=JobResult { job_status: Succeeded, error: None }}:get_cap_type{name="DATA_CAPABILITY" type=Service}: lifecycler::capability_client: close time.busy=300ns time.idle=2.50µs
2024-07-22T02:51:59.180453Z  INFO run_lifecycler:run_service_and_step_through_lifecycle:step_through_lifecycle:exit_capabilities{cap_type=Operation job_result=JobResult { job_status: Succeeded, error: None }}:get_cap_type{name="HOSTTOOLS_CAPABILITY" type=Service}: lifecycler::capability_client: close time.busy=300ns time.idle=2.10µs
2024-07-22T02:51:59.180463Z  INFO run_lifecycler:run_service_and_step_through_lifecycle:step_through_lifecycle:exit_capabilities{cap_type=Operation job_result=JobResult { job_status: Succeeded, error: None }}:get_cap_type{name="METRICS_CAPABILITY" type=Service}: lifecycler::capability_client: close time.busy=300ns time.idle=2.90µs
2024-07-22T02:51:59.180472Z  INFO run_lifecycler:run_service_and_step_through_lifecycle:step_through_lifecycle:exit_capabilities{cap_type=Operation job_result=JobResult { job_status: Succeeded, error: None }}:get_cap_type{name="SNAPSHOT_CAPABILITY" type=Service}: lifecycler::capability_client: close time.busy=300ns time.idle=2.30µs
2024-07-22T02:51:59.180480Z  INFO run_lifecycler:run_service_and_step_through_lifecycle:step_through_lifecycle:exit_capabilities{cap_type=Operation job_result=JobResult { job_status: Succeeded, error: None }}: lifecycler::lifecycle: close time.busy=66.1µs time.idle=9.60µs
2024-07-22T02:51:59.180487Z  INFO run_lifecycler:run_service_and_step_through_lifecycle:step_through_lifecycle: lifecycler::lifecycle: exited operation caps: true
2024-07-22T02:51:59.180623Z  INFO run_lifecycler:run_service_and_step_through_lifecycle:step_through_lifecycle:connect_executor:connect:connect: grpc_utils::endpoint::connect: Connecting to gRPC service endpoint=Uds("/mnt/azureml/cr/j/c3496720c3e246b1857a7019590f0196/.grpc/executor:0") retry=FixedIntervalRetry { attempt_timeout_millis: 50, retry_delay_millis: 10, max_duration: 7200s }
2024-07-22T02:52:12.282550Z  INFO run_lifecycler:run_service_and_step_through_lifecycle:step_through_lifecycle:connect_executor:connect:connect: grpc_utils::endpoint::connect: Successfully connected to gRPC service endpoint=Uds("/mnt/azureml/cr/j/c3496720c3e246b1857a7019590f0196/.grpc/executor:0")
2024-07-22T02:52:12.282770Z  INFO run_lifecycler:run_service_and_step_through_lifecycle:step_through_lifecycle:connect_executor:connect:connect: grpc_utils::endpoint::connect: close time.busy=75.6ms time.idle=13.0s
2024-07-22T02:52:12.282821Z  INFO run_lifecycler:run_service_and_step_through_lifecycle:step_through_lifecycle:connect_executor:connect: lifecycler::executor_client: close time.busy=78.4ms time.idle=13.0s
2024-07-22T02:52:12.282964Z  INFO run_lifecycler:run_service_and_step_through_lifecycle:step_through_lifecycle:connect_executor:connect:connect: grpc_utils::endpoint::connect: Connecting to gRPC service endpoint=Uds("/mnt/azureml/cr/j/c3496720c3e246b1857a7019590f0196/.grpc/executor:0") retry=FixedIntervalRetry { attempt_timeout_millis: 50, retry_delay_millis: 10, max_duration: 7200s }
2024-07-22T02:52:12.283215Z  INFO run_lifecycler:run_service_and_step_through_lifecycle:step_through_lifecycle:connect_executor:connect:connect: grpc_utils::endpoint::connect: Successfully connected to gRPC service endpoint=Uds("/mnt/azureml/cr/j/c3496720c3e246b1857a7019590f0196/.grpc/executor:0")
2024-07-22T02:52:12.283264Z  INFO run_lifecycler:run_service_and_step_through_lifecycle:step_through_lifecycle:connect_executor:connect:connect: grpc_utils::endpoint::connect: close time.busy=199µs time.idle=104µs
2024-07-22T02:52:12.283287Z  INFO run_lifecycler:run_service_and_step_through_lifecycle:step_through_lifecycle:connect_executor:connect: lifecycler::executor_client: close time.busy=325µs time.idle=106µs
2024-07-22T02:52:12.283390Z  INFO run_lifecycler:run_service_and_step_through_lifecycle:step_through_lifecycle:connect_executor:connect: grpc_utils::endpoint::connect: Connecting to gRPC service endpoint=Uds("/mnt/azureml/cr/j/c3496720c3e246b1857a7019590f0196/.grpc/executor:0") retry=FixedIntervalRetry { attempt_timeout_millis: 50, retry_delay_millis: 10, max_duration: 7200s }
2024-07-22T02:52:12.283652Z  INFO run_lifecycler:run_service_and_step_through_lifecycle:step_through_lifecycle:connect_executor:connect: grpc_utils::endpoint::connect: Successfully connected to gRPC service endpoint=Uds("/mnt/azureml/cr/j/c3496720c3e246b1857a7019590f0196/.grpc/executor:0")
2024-07-22T02:52:12.283698Z  INFO run_lifecycler:run_service_and_step_through_lifecycle:step_through_lifecycle:connect_executor:connect: grpc_utils::endpoint::connect: close time.busy=177µs time.idle=136µs
2024-07-22T02:52:12.283734Z  INFO run_lifecycler:run_service_and_step_through_lifecycle:step_through_lifecycle:connect_executor:wait_for_service_healthy: lifecycler::health_monitor: Waiting for service to become healthy: Executor service_name=Executor timeout=30s
2024-07-22T02:52:12.283772Z  WARN run_lifecycler:run_service_and_step_through_lifecycle:step_through_lifecycle:connect_executor:wait_for_service_healthy: grpc_utils::span: failed to inject span context to grpc request
2024-07-22T02:52:12.284248Z  INFO run_lifecycler:run_service_and_step_through_lifecycle:step_through_lifecycle:connect_executor:wait_for_service_healthy: lifecycler::health_client: Health status for service: Executor service_name=Executor health_status=1
2024-07-22T02:52:12.284283Z  INFO run_lifecycler:run_service_and_step_through_lifecycle:step_through_lifecycle:connect_executor:wait_for_service_healthy: lifecycler::health_monitor: Service has become healthy service_name=Executor
2024-07-22T02:52:12.284315Z  INFO run_lifecycler:run_service_and_step_through_lifecycle:step_through_lifecycle:connect_executor:wait_for_service_healthy: lifecycler::health_monitor: close time.busy=189µs time.idle=397µs
2024-07-22T02:52:12.284339Z  INFO run_lifecycler:run_service_and_step_through_lifecycle:step_through_lifecycle:connect_executor: lifecycler::lifecycle: close time.busy=82.7ms time.idle=13.0s
2024-07-22T02:52:12.284366Z  INFO run_lifecycler:run_service_and_step_through_lifecycle:step_through_lifecycle:connect_lifecyclers{lifecycler_addresses=None}: lifecycler::lifecycle: close time.busy=1.60µs time.idle=7.60µs
2024-07-22T02:52:12.284422Z  INFO run_lifecycler:run_service_and_step_through_lifecycle:step_through_lifecycle:execute: lifecycler::lifecycle: entering phase rank=None phase=0 is_leader=true entered_phases=false
2024-07-22T02:52:12.284461Z  INFO run_lifecycler:run_service_and_step_through_lifecycle:step_through_lifecycle:execute:barrier_sync: lifecycler::lifecycle: close time.busy=700ns time.idle=2.10µs
2024-07-22T02:52:12.284542Z  INFO run_lifecycler:run_service_and_step_through_lifecycle:step_through_lifecycle:execute: lifecycler::lifecycle: Successfully got AzureML Context from environment, updating Run History with new run attempt
2024-07-22T02:52:12.284565Z  WARN run_lifecycler:run_service_and_step_through_lifecycle:step_through_lifecycle:execute: lifecycler::lifecycle: Skip updating run_attempt since cannot find AZUREML_CR_ENABLE_RUN_ATTEMPT_COUNT_BY_RUN_HISTORY from environment
2024-07-22T02:52:12.284609Z  INFO run_lifecycler:run_service_and_step_through_lifecycle:step_through_lifecycle:execute: lifecycler::lifecycle: starting phase execution rank=None phase=0
2024-07-22T02:52:12.284633Z  INFO run_lifecycler:run_service_and_step_through_lifecycle:step_through_lifecycle:execute: lifecycler::lifecycle: executing phase commands rank=None phase=0
2024-07-22T02:52:12.284674Z  INFO run_lifecycler:run_service_and_step_through_lifecycle:step_through_lifecycle:execute:executor_client::execute_commands{lifecycle_address="/mnt/azureml/cr/j/c3496720c3e246b1857a7019590f0196/.grpc/lifecycler:0" scheduling=None debug_mode=Some(false)}: lifecycler::executor_client: Executing commands
2024-07-22T02:52:12.284743Z  WARN run_lifecycler:run_service_and_step_through_lifecycle:step_through_lifecycle:execute:executor_client::execute_commands{lifecycle_address="/mnt/azureml/cr/j/c3496720c3e246b1857a7019590f0196/.grpc/lifecycler:0" scheduling=None debug_mode=Some(false)}:executor_client::start_execution{lifecycler_address="/mnt/azureml/cr/j/c3496720c3e246b1857a7019590f0196/.grpc/lifecycler:0" debug_mode=Some(false) commands_f=Command(Command { executable: Shell { path: None, command: "python spearman_feature_selection.py --train_data $AZUREML_DATAREFERENCE_train_data --test_data $AZUREML_DATAREFERENCE_test_data --feature_quantity $AZUREML_PARAMETER_feature_quantity --train_data_feat_sel $AZURE_ML_OUTPUT_train_data_feat_sel --test_data_feat_sel $AZURE_ML_OUTPUT_test_data_feat_sel\n\n\n\n", success_return_code: Zero { additional_codes: [] } }, stderr: None, stdout: Some("user_logs/std_log.txt") }) path_mappings_f={}}: grpc_utils::span: failed to inject span context to grpc request
2024-07-22T02:52:12.284763Z  INFO run_lifecycler:run_service_and_step_through_lifecycle:step_through_lifecycle:execute:executor_client::execute_commands{lifecycle_address="/mnt/azureml/cr/j/c3496720c3e246b1857a7019590f0196/.grpc/lifecycler:0" scheduling=None debug_mode=Some(false)}:executor_client::start_execution{lifecycler_address="/mnt/azureml/cr/j/c3496720c3e246b1857a7019590f0196/.grpc/lifecycler:0" debug_mode=Some(false) commands_f=Command(Command { executable: Shell { path: None, command: "python spearman_feature_selection.py --train_data $AZUREML_DATAREFERENCE_train_data --test_data $AZUREML_DATAREFERENCE_test_data --feature_quantity $AZUREML_PARAMETER_feature_quantity --train_data_feat_sel $AZURE_ML_OUTPUT_train_data_feat_sel --test_data_feat_sel $AZURE_ML_OUTPUT_test_data_feat_sel\n\n\n\n", success_return_code: Zero { additional_codes: [] } }, stderr: None, stdout: Some("user_logs/std_log.txt") }) path_mappings_f={}}: lifecycler::executor_client: Starting execution execution_id=b0443b1b-059e-4415-9275-57855f9b1da2 lifecycler_address=/mnt/azureml/cr/j/c3496720c3e246b1857a7019590f0196/.grpc/lifecycler:0
2024-07-22T02:52:12.298042Z  INFO run_lifecycler:run_service_and_step_through_lifecycle:step_through_lifecycle:execute:executor_client::execute_commands{lifecycle_address="/mnt/azureml/cr/j/c3496720c3e246b1857a7019590f0196/.grpc/lifecycler:0" scheduling=None debug_mode=Some(false)}:executor_client::start_execution{lifecycler_address="/mnt/azureml/cr/j/c3496720c3e246b1857a7019590f0196/.grpc/lifecycler:0" debug_mode=Some(false) commands_f=Command(Command { executable: Shell { path: None, command: "python spearman_feature_selection.py --train_data $AZUREML_DATAREFERENCE_train_data --test_data $AZUREML_DATAREFERENCE_test_data --feature_quantity $AZUREML_PARAMETER_feature_quantity --train_data_feat_sel $AZURE_ML_OUTPUT_train_data_feat_sel --test_data_feat_sel $AZURE_ML_OUTPUT_test_data_feat_sel\n\n\n\n", success_return_code: Zero { additional_codes: [] } }, stderr: None, stdout: Some("user_logs/std_log.txt") }) path_mappings_f={}}: lifecycler::executor_client: close time.busy=137µs time.idle=13.2ms
2024-07-22T02:52:12.298086Z  INFO run_lifecycler:run_service_and_step_through_lifecycle:step_through_lifecycle:execute:executor_client::execute_commands{lifecycle_address="/mnt/azureml/cr/j/c3496720c3e246b1857a7019590f0196/.grpc/lifecycler:0" scheduling=None debug_mode=Some(false)}: lifecycler::executor_client: Waiting for execution completion execution_id="b0443b1b-059e-4415-9275-57855f9b1da2"
2024-07-22T02:52:24.523387Z  INFO ExecutionCallbackServicer::complete_execution: grpc_utils::server: Got grpc request request_name="complete_execution" remote_addr=None
2024-07-22T02:52:24.523443Z  INFO ExecutionCallbackServicer::complete_execution: lifecycler::service: close time.busy=61.8µs time.idle=16.2µs
2024-07-22T02:52:24.523472Z  INFO run_lifecycler:run_service_and_step_through_lifecycle:step_through_lifecycle:execute:executor_client::execute_commands{lifecycle_address="/mnt/azureml/cr/j/c3496720c3e246b1857a7019590f0196/.grpc/lifecycler:0" scheduling=None debug_mode=Some(false)}:executor_client::wait_for_execution_completion{execution_id="b0443b1b-059e-4415-9275-57855f9b1da2"}: lifecycler::executor_client: close time.busy=5.10µs time.idle=12.2s
2024-07-22T02:52:24.523519Z  INFO run_lifecycler:run_service_and_step_through_lifecycle:step_through_lifecycle:execute:executor_client::execute_commands{lifecycle_address="/mnt/azureml/cr/j/c3496720c3e246b1857a7019590f0196/.grpc/lifecycler:0" scheduling=None debug_mode=Some(false)}: lifecycler::executor_client: Execution completed execution_id="b0443b1b-059e-4415-9275-57855f9b1da2"
2024-07-22T02:52:24.523605Z  INFO run_lifecycler:run_service_and_step_through_lifecycle:step_through_lifecycle:execute:executor_client::execute_commands{lifecycle_address="/mnt/azureml/cr/j/c3496720c3e246b1857a7019590f0196/.grpc/lifecycler:0" scheduling=None debug_mode=Some(false)}: lifecycler::executor_client: close time.busy=416µs time.idle=12.2s
2024-07-22T02:52:24.523640Z  INFO run_lifecycler:run_service_and_step_through_lifecycle:step_through_lifecycle:execute: lifecycler::lifecycle: phase execution completed. rank=None phase=0
2024-07-22T02:52:24.523772Z  INFO run_lifecycler:run_service_and_step_through_lifecycle:step_through_lifecycle:execute: lifecycler::lifecycle: close time.busy=874µs time.idle=12.2s
2024-07-22T02:52:24.523864Z  INFO run_lifecycler:run_service_and_step_through_lifecycle:step_through_lifecycle:end_service_capabilities:get_cap_type{name="CS_CAPABILITY" type=Service}: lifecycler::capability_client: close time.busy=500ns time.idle=5.50µs
2024-07-22T02:52:24.523890Z  INFO run_lifecycler:run_service_and_step_through_lifecycle:step_through_lifecycle:end_service_capabilities:get_cap_type{name="DATA_CAPABILITY" type=Service}: lifecycler::capability_client: close time.busy=400ns time.idle=5.20µs
2024-07-22T02:52:24.523910Z  INFO run_lifecycler:run_service_and_step_through_lifecycle:step_through_lifecycle:end_service_capabilities:get_cap_type{name="HOSTTOOLS_CAPABILITY" type=Service}: lifecycler::capability_client: close time.busy=400ns time.idle=4.20µs
2024-07-22T02:52:24.523925Z  INFO run_lifecycler:run_service_and_step_through_lifecycle:step_through_lifecycle:end_service_capabilities:get_cap_type{name="METRICS_CAPABILITY" type=Service}: lifecycler::capability_client: close time.busy=400ns time.idle=4.30µs
2024-07-22T02:52:24.523939Z  INFO run_lifecycler:run_service_and_step_through_lifecycle:step_through_lifecycle:end_service_capabilities:get_cap_type{name="SNAPSHOT_CAPABILITY" type=Service}: lifecycler::capability_client: close time.busy=400ns time.idle=3.60µs
2024-07-22T02:52:24.524003Z  WARN run_lifecycler:run_service_and_step_through_lifecycle:step_through_lifecycle:end_service_capabilities:end{name="CS_CAPABILITY"}: grpc_utils::span: failed to inject span context to grpc request
2024-07-22T02:52:24.524042Z  WARN run_lifecycler:run_service_and_step_through_lifecycle:step_through_lifecycle:end_service_capabilities:end{name="DATA_CAPABILITY"}: grpc_utils::span: failed to inject span context to grpc request
2024-07-22T02:52:24.524080Z  WARN run_lifecycler:run_service_and_step_through_lifecycle:step_through_lifecycle:end_service_capabilities:end{name="HOSTTOOLS_CAPABILITY"}: grpc_utils::span: failed to inject span context to grpc request
2024-07-22T02:52:24.524231Z  WARN run_lifecycler:run_service_and_step_through_lifecycle:step_through_lifecycle:end_service_capabilities:end{name="METRICS_CAPABILITY"}: grpc_utils::span: failed to inject span context to grpc request
2024-07-22T02:52:24.524835Z  WARN run_lifecycler:run_service_and_step_through_lifecycle:step_through_lifecycle:end_service_capabilities:end{name="SNAPSHOT_CAPABILITY"}: grpc_utils::span: failed to inject span context to grpc request
2024-07-22T02:52:24.528979Z  INFO run_lifecycler:run_service_and_step_through_lifecycle:step_through_lifecycle:end_service_capabilities:end{name="SNAPSHOT_CAPABILITY"}: lifecycler::capability_client: Received success code for end cap_name=SNAPSHOT_CAPABILITY
2024-07-22T02:52:24.529080Z  INFO run_lifecycler:run_service_and_step_through_lifecycle:step_through_lifecycle:end_service_capabilities:end{name="SNAPSHOT_CAPABILITY"}: lifecycler::capability_client: close time.busy=228µs time.idle=4.03ms
2024-07-22T02:52:24.529629Z  INFO run_lifecycler:run_service_and_step_through_lifecycle:step_through_lifecycle:end_service_capabilities:end{name="METRICS_CAPABILITY"}: lifecycler::capability_client: Received success code for end cap_name=METRICS_CAPABILITY
2024-07-22T02:52:24.529703Z  INFO run_lifecycler:run_service_and_step_through_lifecycle:step_through_lifecycle:end_service_capabilities:end{name="METRICS_CAPABILITY"}: lifecycler::capability_client: close time.busy=693µs time.idle=4.78ms
