2024-07-17T17:04:21.179429Z  INFO telemetry: job_telemetry_init artifact_type=installed branch=origin/52eb71279225b39fd86ea35a1652aea7b672a04d ci_number=20240705.2 ci_name=CommonRuntime-Linux-prod-build-OneBranchOfficial build_time=2024-07-05 17:26:55.246905
2024-07-17T17:04:21.179644Z  INFO load_config_from_env: lifecycler::config: Resolved grpc addresses lifecycler_address=/mnt/azureml/cr/j/216458e683bd49d1919d56638bc7d4e9/.grpc/lifecycler:0 executor_address=/mnt/azureml/cr/j/216458e683bd49d1919d56638bc7d4e9/.grpc/executor:0
2024-07-17T17:04:21.179823Z  INFO load_config_from_env:load_capability_addresses_from_env{capability_endpoints_from_config={"CS_CAPABILITY": CapabilityEndpoint { name: "CS_CAPABILITY", address: "/mnt/azureml/cr/j/216458e683bd49d1919d56638bc7d4e9/.grpc/cs-capability:0", type: Service }, "DATA_CAPABILITY": CapabilityEndpoint { name: "DATA_CAPABILITY", address: "/mnt/azureml/cr/j/216458e683bd49d1919d56638bc7d4e9/.grpc/data-capability:0", type: Service }, "HOSTTOOLS_CAPABILITY": CapabilityEndpoint { name: "HOSTTOOLS_CAPABILITY", address: "/mnt/azureml/cr/j/216458e683bd49d1919d56638bc7d4e9/.grpc/hosttools-capability:0", type: Service }, "METRICS_CAPABILITY": CapabilityEndpoint { name: "METRICS_CAPABILITY", address: "/mnt/azureml/cr/j/216458e683bd49d1919d56638bc7d4e9/.grpc/metrics-capability:0", type: Service }, "SNAPSHOT_CAPABILITY": CapabilityEndpoint { name: "SNAPSHOT_CAPABILITY", address: "/mnt/azureml/cr/j/216458e683bd49d1919d56638bc7d4e9/.grpc/snapshot-capability:0", type: Service }}}: lifecycler::config: close time.busy=118µs time.idle=22.7µs
2024-07-17T17:04:21.179880Z  INFO load_config_from_env: lifecycler::config: close time.busy=340µs time.idle=11.2µs
2024-07-17T17:04:21.179951Z  INFO run_lifecycler:run_service_and_step_through_lifecycle: lifecycler::lifecycle: distributed config is not specified, skip setting up distributed barrier
2024-07-17T17:04:21.179983Z  INFO run_lifecycler:run_service_and_step_through_lifecycle: lifecycler::lifecycle: Trying to configure lifecycler to ignore termination signals
2024-07-17T17:04:21.180012Z  INFO run_lifecycler:run_service_and_step_through_lifecycle: cr_core: Successfully configured current process to ignore termination signals
2024-07-17T17:04:21.180070Z  INFO Lifecycler::run_service{distributed_state_sender=None}: lifecycler::service: serving lifecycle service address=/mnt/azureml/cr/j/216458e683bd49d1919d56638bc7d4e9/.grpc/lifecycler:0
2024-07-17T17:04:21.180206Z  INFO run_lifecycler:run_service_and_step_through_lifecycle:step_through_lifecycle:connect_capabilities:connect: grpc_utils::endpoint::connect: Connecting to gRPC service endpoint=Uds("/mnt/azureml/cr/j/216458e683bd49d1919d56638bc7d4e9/.grpc/cs-capability:0") retry=FixedIntervalRetry { attempt_timeout_millis: 50, retry_delay_millis: 10, max_duration: 7200s }
2024-07-17T17:04:21.180265Z  INFO Lifecycler::run_service{distributed_state_sender=None}:serve_more: grpc_utils::endpoint::serve: serving gRPC service endpoint=Uds("/mnt/azureml/cr/j/216458e683bd49d1919d56638bc7d4e9/.grpc/lifecycler:0") retry=ExponentialBackoffRetry { retry_delay_secs: 2, delay_factor: 1000, num_retries: 3 }
2024-07-17T17:04:35.689202Z  INFO run_lifecycler:run_service_and_step_through_lifecycle:step_through_lifecycle:connect_capabilities:connect: grpc_utils::endpoint::connect: Successfully connected to gRPC service endpoint=Uds("/mnt/azureml/cr/j/216458e683bd49d1919d56638bc7d4e9/.grpc/cs-capability:0")
2024-07-17T17:04:35.689274Z  INFO run_lifecycler:run_service_and_step_through_lifecycle:step_through_lifecycle:connect_capabilities:connect: grpc_utils::endpoint::connect: close time.busy=66.2ms time.idle=14.4s
2024-07-17T17:04:35.689447Z  INFO run_lifecycler:run_service_and_step_through_lifecycle:step_through_lifecycle:connect_capabilities:connect: grpc_utils::endpoint::connect: Connecting to gRPC service endpoint=Uds("/mnt/azureml/cr/j/216458e683bd49d1919d56638bc7d4e9/.grpc/cs-capability:0") retry=FixedIntervalRetry { attempt_timeout_millis: 50, retry_delay_millis: 10, max_duration: 7200s }
2024-07-17T17:04:35.689608Z  INFO run_lifecycler:run_service_and_step_through_lifecycle:step_through_lifecycle:connect_capabilities:connect: grpc_utils::endpoint::connect: Successfully connected to gRPC service endpoint=Uds("/mnt/azureml/cr/j/216458e683bd49d1919d56638bc7d4e9/.grpc/cs-capability:0")
2024-07-17T17:04:35.689638Z  INFO run_lifecycler:run_service_and_step_through_lifecycle:step_through_lifecycle:connect_capabilities:connect: grpc_utils::endpoint::connect: close time.busy=190µs time.idle=7.20µs
2024-07-17T17:04:35.689672Z  INFO run_lifecycler:run_service_and_step_through_lifecycle:step_through_lifecycle:connect_capabilities:wait_for_service_healthy: lifecycler::health_monitor: Waiting for service to become healthy: CS_CAPABILITY service_name=CS_CAPABILITY timeout=30s
2024-07-17T17:04:35.689704Z  WARN run_lifecycler:run_service_and_step_through_lifecycle:step_through_lifecycle:connect_capabilities:wait_for_service_healthy: grpc_utils::span: failed to inject span context to grpc request
2024-07-17T17:04:35.691396Z  INFO run_lifecycler:run_service_and_step_through_lifecycle:step_through_lifecycle:connect_capabilities:wait_for_service_healthy: lifecycler::health_client: Health status for service: CS_CAPABILITY service_name=CS_CAPABILITY health_status=1
2024-07-17T17:04:35.691441Z  INFO run_lifecycler:run_service_and_step_through_lifecycle:step_through_lifecycle:connect_capabilities:wait_for_service_healthy: lifecycler::health_monitor: Service has become healthy service_name=CS_CAPABILITY
2024-07-17T17:04:35.691462Z  INFO run_lifecycler:run_service_and_step_through_lifecycle:step_through_lifecycle:connect_capabilities:wait_for_service_healthy: lifecycler::health_monitor: close time.busy=274µs time.idle=1.52ms
2024-07-17T17:04:35.691587Z  INFO run_lifecycler:run_service_and_step_through_lifecycle:step_through_lifecycle:connect_capabilities:connect: grpc_utils::endpoint::connect: Connecting to gRPC service endpoint=Uds("/mnt/azureml/cr/j/216458e683bd49d1919d56638bc7d4e9/.grpc/data-capability:0") retry=FixedIntervalRetry { attempt_timeout_millis: 50, retry_delay_millis: 10, max_duration: 7200s }
2024-07-17T17:05:20.149199Z  INFO run_lifecycler:run_service_and_step_through_lifecycle:step_through_lifecycle:connect_capabilities:connect: grpc_utils::endpoint::connect: Successfully connected to gRPC service endpoint=Uds("/mnt/azureml/cr/j/216458e683bd49d1919d56638bc7d4e9/.grpc/data-capability:0")
2024-07-17T17:05:20.149273Z  INFO run_lifecycler:run_service_and_step_through_lifecycle:step_through_lifecycle:connect_capabilities:connect: grpc_utils::endpoint::connect: close time.busy=201ms time.idle=44.3s
2024-07-17T17:05:20.149431Z  INFO run_lifecycler:run_service_and_step_through_lifecycle:step_through_lifecycle:connect_capabilities:connect: grpc_utils::endpoint::connect: Connecting to gRPC service endpoint=Uds("/mnt/azureml/cr/j/216458e683bd49d1919d56638bc7d4e9/.grpc/data-capability:0") retry=FixedIntervalRetry { attempt_timeout_millis: 50, retry_delay_millis: 10, max_duration: 7200s }
2024-07-17T17:05:20.149675Z  INFO run_lifecycler:run_service_and_step_through_lifecycle:step_through_lifecycle:connect_capabilities:connect: grpc_utils::endpoint::connect: Successfully connected to gRPC service endpoint=Uds("/mnt/azureml/cr/j/216458e683bd49d1919d56638bc7d4e9/.grpc/data-capability:0")
2024-07-17T17:05:20.149717Z  INFO run_lifecycler:run_service_and_step_through_lifecycle:step_through_lifecycle:connect_capabilities:connect: grpc_utils::endpoint::connect: close time.busy=196µs time.idle=97.0µs
2024-07-17T17:05:20.149747Z  INFO run_lifecycler:run_service_and_step_through_lifecycle:step_through_lifecycle:connect_capabilities:wait_for_service_healthy: lifecycler::health_monitor: Waiting for service to become healthy: DATA_CAPABILITY service_name=DATA_CAPABILITY timeout=30s
2024-07-17T17:05:20.149780Z  WARN run_lifecycler:run_service_and_step_through_lifecycle:step_through_lifecycle:connect_capabilities:wait_for_service_healthy: grpc_utils::span: failed to inject span context to grpc request
2024-07-17T17:05:20.151045Z  INFO run_lifecycler:run_service_and_step_through_lifecycle:step_through_lifecycle:connect_capabilities:wait_for_service_healthy: lifecycler::health_client: Health status for service: DATA_CAPABILITY service_name=DATA_CAPABILITY health_status=1
2024-07-17T17:05:20.151089Z  INFO run_lifecycler:run_service_and_step_through_lifecycle:step_through_lifecycle:connect_capabilities:wait_for_service_healthy: lifecycler::health_monitor: Service has become healthy service_name=DATA_CAPABILITY
2024-07-17T17:05:20.151110Z  INFO run_lifecycler:run_service_and_step_through_lifecycle:step_through_lifecycle:connect_capabilities:wait_for_service_healthy: lifecycler::health_monitor: close time.busy=189µs time.idle=1.18ms
2024-07-17T17:05:20.151212Z  INFO run_lifecycler:run_service_and_step_through_lifecycle:step_through_lifecycle:connect_capabilities:connect: grpc_utils::endpoint::connect: Connecting to gRPC service endpoint=Uds("/mnt/azureml/cr/j/216458e683bd49d1919d56638bc7d4e9/.grpc/hosttools-capability:0") retry=FixedIntervalRetry { attempt_timeout_millis: 50, retry_delay_millis: 10, max_duration: 7200s }
2024-07-17T17:05:20.151393Z  INFO run_lifecycler:run_service_and_step_through_lifecycle:step_through_lifecycle:connect_capabilities:connect: grpc_utils::endpoint::connect: Successfully connected to gRPC service endpoint=Uds("/mnt/azureml/cr/j/216458e683bd49d1919d56638bc7d4e9/.grpc/hosttools-capability:0")
2024-07-17T17:05:20.151432Z  INFO run_lifecycler:run_service_and_step_through_lifecycle:step_through_lifecycle:connect_capabilities:connect: grpc_utils::endpoint::connect: close time.busy=180µs time.idle=44.8µs
2024-07-17T17:05:20.151535Z  INFO run_lifecycler:run_service_and_step_through_lifecycle:step_through_lifecycle:connect_capabilities:connect: grpc_utils::endpoint::connect: Connecting to gRPC service endpoint=Uds("/mnt/azureml/cr/j/216458e683bd49d1919d56638bc7d4e9/.grpc/hosttools-capability:0") retry=FixedIntervalRetry { attempt_timeout_millis: 50, retry_delay_millis: 10, max_duration: 7200s }
2024-07-17T17:05:20.151705Z  INFO run_lifecycler:run_service_and_step_through_lifecycle:step_through_lifecycle:connect_capabilities:connect: grpc_utils::endpoint::connect: Successfully connected to gRPC service endpoint=Uds("/mnt/azureml/cr/j/216458e683bd49d1919d56638bc7d4e9/.grpc/hosttools-capability:0")
2024-07-17T17:05:20.151755Z  INFO run_lifecycler:run_service_and_step_through_lifecycle:step_through_lifecycle:connect_capabilities:connect: grpc_utils::endpoint::connect: close time.busy=169µs time.idle=54.7µs
2024-07-17T17:05:20.151785Z  INFO run_lifecycler:run_service_and_step_through_lifecycle:step_through_lifecycle:connect_capabilities:wait_for_service_healthy: lifecycler::health_monitor: Waiting for service to become healthy: HOSTTOOLS_CAPABILITY service_name=HOSTTOOLS_CAPABILITY timeout=30s
2024-07-17T17:05:20.151816Z  WARN run_lifecycler:run_service_and_step_through_lifecycle:step_through_lifecycle:connect_capabilities:wait_for_service_healthy: grpc_utils::span: failed to inject span context to grpc request
2024-07-17T17:05:20.152315Z  INFO run_lifecycler:run_service_and_step_through_lifecycle:step_through_lifecycle:connect_capabilities:wait_for_service_healthy: lifecycler::health_client: Health status for service: HOSTTOOLS_CAPABILITY service_name=HOSTTOOLS_CAPABILITY health_status=1
2024-07-17T17:05:20.152357Z  INFO run_lifecycler:run_service_and_step_through_lifecycle:step_through_lifecycle:connect_capabilities:wait_for_service_healthy: lifecycler::health_monitor: Service has become healthy service_name=HOSTTOOLS_CAPABILITY
2024-07-17T17:05:20.152389Z  INFO run_lifecycler:run_service_and_step_through_lifecycle:step_through_lifecycle:connect_capabilities:wait_for_service_healthy: lifecycler::health_monitor: close time.busy=177µs time.idle=431µs
2024-07-17T17:05:20.152499Z  INFO run_lifecycler:run_service_and_step_through_lifecycle:step_through_lifecycle:connect_capabilities:connect: grpc_utils::endpoint::connect: Connecting to gRPC service endpoint=Uds("/mnt/azureml/cr/j/216458e683bd49d1919d56638bc7d4e9/.grpc/metrics-capability:0") retry=FixedIntervalRetry { attempt_timeout_millis: 50, retry_delay_millis: 10, max_duration: 7200s }
2024-07-17T17:05:20.152684Z  INFO run_lifecycler:run_service_and_step_through_lifecycle:step_through_lifecycle:connect_capabilities:connect: grpc_utils::endpoint::connect: Successfully connected to gRPC service endpoint=Uds("/mnt/azureml/cr/j/216458e683bd49d1919d56638bc7d4e9/.grpc/metrics-capability:0")
2024-07-17T17:05:20.152727Z  INFO run_lifecycler:run_service_and_step_through_lifecycle:step_through_lifecycle:connect_capabilities:connect: grpc_utils::endpoint::connect: close time.busy=164µs time.idle=67.5µs
2024-07-17T17:05:20.152851Z  INFO run_lifecycler:run_service_and_step_through_lifecycle:step_through_lifecycle:connect_capabilities:connect: grpc_utils::endpoint::connect: Connecting to gRPC service endpoint=Uds("/mnt/azureml/cr/j/216458e683bd49d1919d56638bc7d4e9/.grpc/metrics-capability:0") retry=FixedIntervalRetry { attempt_timeout_millis: 50, retry_delay_millis: 10, max_duration: 7200s }
2024-07-17T17:05:20.153047Z  INFO run_lifecycler:run_service_and_step_through_lifecycle:step_through_lifecycle:connect_capabilities:connect: grpc_utils::endpoint::connect: Successfully connected to gRPC service endpoint=Uds("/mnt/azureml/cr/j/216458e683bd49d1919d56638bc7d4e9/.grpc/metrics-capability:0")
2024-07-17T17:05:20.153107Z  INFO run_lifecycler:run_service_and_step_through_lifecycle:step_through_lifecycle:connect_capabilities:connect: grpc_utils::endpoint::connect: close time.busy=176µs time.idle=85.3µs
2024-07-17T17:05:20.153139Z  INFO run_lifecycler:run_service_and_step_through_lifecycle:step_through_lifecycle:connect_capabilities:wait_for_service_healthy: lifecycler::health_monitor: Waiting for service to become healthy: METRICS_CAPABILITY service_name=METRICS_CAPABILITY timeout=30s
2024-07-17T17:05:20.153170Z  WARN run_lifecycler:run_service_and_step_through_lifecycle:step_through_lifecycle:connect_capabilities:wait_for_service_healthy: grpc_utils::span: failed to inject span context to grpc request
2024-07-17T17:05:20.153581Z  INFO run_lifecycler:run_service_and_step_through_lifecycle:step_through_lifecycle:connect_capabilities:wait_for_service_healthy: lifecycler::health_client: Health status for service: METRICS_CAPABILITY service_name=METRICS_CAPABILITY health_status=1
2024-07-17T17:05:20.153621Z  INFO run_lifecycler:run_service_and_step_through_lifecycle:step_through_lifecycle:connect_capabilities:wait_for_service_healthy: lifecycler::health_monitor: Service has become healthy service_name=METRICS_CAPABILITY
2024-07-17T17:05:20.153640Z  INFO run_lifecycler:run_service_and_step_through_lifecycle:step_through_lifecycle:connect_capabilities:wait_for_service_healthy: lifecycler::health_monitor: close time.busy=159µs time.idle=347µs
2024-07-17T17:05:20.153752Z  INFO run_lifecycler:run_service_and_step_through_lifecycle:step_through_lifecycle:connect_capabilities:connect: grpc_utils::endpoint::connect: Connecting to gRPC service endpoint=Uds("/mnt/azureml/cr/j/216458e683bd49d1919d56638bc7d4e9/.grpc/snapshot-capability:0") retry=FixedIntervalRetry { attempt_timeout_millis: 50, retry_delay_millis: 10, max_duration: 7200s }
2024-07-17T17:05:20.153959Z  INFO run_lifecycler:run_service_and_step_through_lifecycle:step_through_lifecycle:connect_capabilities:connect: grpc_utils::endpoint::connect: Successfully connected to gRPC service endpoint=Uds("/mnt/azureml/cr/j/216458e683bd49d1919d56638bc7d4e9/.grpc/snapshot-capability:0")
2024-07-17T17:05:20.154024Z  INFO run_lifecycler:run_service_and_step_through_lifecycle:step_through_lifecycle:connect_capabilities:connect: grpc_utils::endpoint::connect: close time.busy=191µs time.idle=84.4µs
2024-07-17T17:05:20.154171Z  INFO run_lifecycler:run_service_and_step_through_lifecycle:step_through_lifecycle:connect_capabilities:connect: grpc_utils::endpoint::connect: Connecting to gRPC service endpoint=Uds("/mnt/azureml/cr/j/216458e683bd49d1919d56638bc7d4e9/.grpc/snapshot-capability:0") retry=FixedIntervalRetry { attempt_timeout_millis: 50, retry_delay_millis: 10, max_duration: 7200s }
2024-07-17T17:05:20.154371Z  INFO run_lifecycler:run_service_and_step_through_lifecycle:step_through_lifecycle:connect_capabilities:connect: grpc_utils::endpoint::connect: Successfully connected to gRPC service endpoint=Uds("/mnt/azureml/cr/j/216458e683bd49d1919d56638bc7d4e9/.grpc/snapshot-capability:0")
2024-07-17T17:05:20.154428Z  INFO run_lifecycler:run_service_and_step_through_lifecycle:step_through_lifecycle:connect_capabilities:connect: grpc_utils::endpoint::connect: close time.busy=180µs time.idle=81.2µs
2024-07-17T17:05:20.154450Z  INFO run_lifecycler:run_service_and_step_through_lifecycle:step_through_lifecycle:connect_capabilities:wait_for_service_healthy: lifecycler::health_monitor: Waiting for service to become healthy: SNAPSHOT_CAPABILITY service_name=SNAPSHOT_CAPABILITY timeout=30s
2024-07-17T17:05:20.154475Z  WARN run_lifecycler:run_service_and_step_through_lifecycle:step_through_lifecycle:connect_capabilities:wait_for_service_healthy: grpc_utils::span: failed to inject span context to grpc request
2024-07-17T17:05:20.154856Z  INFO run_lifecycler:run_service_and_step_through_lifecycle:step_through_lifecycle:connect_capabilities:wait_for_service_healthy: lifecycler::health_client: Health status for service: SNAPSHOT_CAPABILITY service_name=SNAPSHOT_CAPABILITY health_status=1
2024-07-17T17:05:20.154891Z  INFO run_lifecycler:run_service_and_step_through_lifecycle:step_through_lifecycle:connect_capabilities:wait_for_service_healthy: lifecycler::health_monitor: Service has become healthy service_name=SNAPSHOT_CAPABILITY
2024-07-17T17:05:20.154913Z  INFO run_lifecycler:run_service_and_step_through_lifecycle:step_through_lifecycle:connect_capabilities:wait_for_service_healthy: lifecycler::health_monitor: close time.busy=138µs time.idle=330µs
2024-07-17T17:05:20.154935Z  INFO run_lifecycler:run_service_and_step_through_lifecycle:step_through_lifecycle:connect_capabilities: lifecycler::lifecycle: close time.busy=289ms time.idle=58.7s
2024-07-17T17:05:20.154967Z  WARN grpc_utils::span: failed to inject span context to grpc request
2024-07-17T17:05:20.154975Z  WARN run_lifecycler:run_service_and_step_through_lifecycle:step_through_lifecycle:start_capabilities:start{name="CS_CAPABILITY"}: grpc_utils::span: failed to inject span context to grpc request
2024-07-17T17:05:20.154998Z  WARN grpc_utils::span: failed to inject span context to grpc request
2024-07-17T17:05:20.155014Z  WARN run_lifecycler:run_service_and_step_through_lifecycle:step_through_lifecycle:start_capabilities:start{name="DATA_CAPABILITY"}: grpc_utils::span: failed to inject span context to grpc request
2024-07-17T17:05:20.155020Z  WARN grpc_utils::span: failed to inject span context to grpc request
2024-07-17T17:05:20.155039Z  WARN grpc_utils::span: failed to inject span context to grpc request
2024-07-17T17:05:20.155055Z  WARN run_lifecycler:run_service_and_step_through_lifecycle:step_through_lifecycle:start_capabilities:start{name="HOSTTOOLS_CAPABILITY"}: grpc_utils::span: failed to inject span context to grpc request
2024-07-17T17:05:20.155060Z  WARN grpc_utils::span: failed to inject span context to grpc request
2024-07-17T17:05:20.155111Z  WARN run_lifecycler:run_service_and_step_through_lifecycle:step_through_lifecycle:start_capabilities:start{name="METRICS_CAPABILITY"}: grpc_utils::span: failed to inject span context to grpc request
2024-07-17T17:05:20.156192Z  WARN run_lifecycler:run_service_and_step_through_lifecycle:step_through_lifecycle:start_capabilities:start{name="SNAPSHOT_CAPABILITY"}: grpc_utils::span: failed to inject span context to grpc request
2024-07-17T17:05:20.156562Z  INFO run_lifecycler:run_service_and_step_through_lifecycle:step_through_lifecycle:start_capabilities:start{name="HOSTTOOLS_CAPABILITY"}: lifecycler::capability_client: Received success code for start cap_name=HOSTTOOLS_CAPABILITY
2024-07-17T17:05:20.156628Z  INFO run_lifecycler:run_service_and_step_through_lifecycle:step_through_lifecycle:start_capabilities:start{name="HOSTTOOLS_CAPABILITY"}: lifecycler::capability_client: close time.busy=133µs time.idle=1.45ms
2024-07-17T17:05:20.160575Z  INFO run_lifecycler:run_service_and_step_through_lifecycle:step_through_lifecycle:start_capabilities:start{name="METRICS_CAPABILITY"}: lifecycler::capability_client: Received success code for start cap_name=METRICS_CAPABILITY
2024-07-17T17:05:20.160656Z  INFO run_lifecycler:run_service_and_step_through_lifecycle:step_through_lifecycle:start_capabilities:start{name="METRICS_CAPABILITY"}: lifecycler::capability_client: close time.busy=1.20ms time.idle=4.37ms
2024-07-17T17:05:20.220029Z  INFO run_lifecycler:run_service_and_step_through_lifecycle:step_through_lifecycle:start_capabilities:start{name="CS_CAPABILITY"}: lifecycler::capability_client: Received success code for start cap_name=CS_CAPABILITY
2024-07-17T17:05:20.220094Z  INFO run_lifecycler:run_service_and_step_through_lifecycle:step_through_lifecycle:start_capabilities:start{name="CS_CAPABILITY"}: lifecycler::capability_client: close time.busy=164µs time.idle=65.0ms
2024-07-17T17:05:20.598646Z  INFO run_lifecycler:run_service_and_step_through_lifecycle:step_through_lifecycle:start_capabilities:start{name="SNAPSHOT_CAPABILITY"}: lifecycler::capability_client: Received success code for start cap_name=SNAPSHOT_CAPABILITY
2024-07-17T17:05:20.598723Z  INFO run_lifecycler:run_service_and_step_through_lifecycle:step_through_lifecycle:start_capabilities:start{name="SNAPSHOT_CAPABILITY"}: lifecycler::capability_client: close time.busy=169µs time.idle=442ms
2024-07-17T17:05:22.757791Z  INFO run_lifecycler:run_service_and_step_through_lifecycle:step_through_lifecycle:start_capabilities:start{name="DATA_CAPABILITY"}: lifecycler::capability_client: Received success code for start cap_name=DATA_CAPABILITY
2024-07-17T17:05:22.757879Z  INFO run_lifecycler:run_service_and_step_through_lifecycle:step_through_lifecycle:start_capabilities:start{name="DATA_CAPABILITY"}: lifecycler::capability_client: close time.busy=328µs time.idle=2.60s
2024-07-17T17:05:22.757929Z  INFO run_lifecycler:run_service_and_step_through_lifecycle:step_through_lifecycle:start_capabilities: lifecycler::lifecycle: close time.busy=2.23ms time.idle=2.60s
2024-07-17T17:05:22.757984Z  INFO run_lifecycler:run_service_and_step_through_lifecycle:step_through_lifecycle:exit_capabilities{cap_type=Operation job_result=JobResult { job_status: Succeeded, error: None }}:get_cap_type{name="CS_CAPABILITY" type=Service}: lifecycler::capability_client: close time.busy=400ns time.idle=5.00µs
2024-07-17T17:05:22.758011Z  INFO run_lifecycler:run_service_and_step_through_lifecycle:step_through_lifecycle:exit_capabilities{cap_type=Operation job_result=JobResult { job_status: Succeeded, error: None }}:get_cap_type{name="DATA_CAPABILITY" type=Service}: lifecycler::capability_client: close time.busy=700ns time.idle=5.50µs
2024-07-17T17:05:22.758032Z  INFO run_lifecycler:run_service_and_step_through_lifecycle:step_through_lifecycle:exit_capabilities{cap_type=Operation job_result=JobResult { job_status: Succeeded, error: None }}:get_cap_type{name="HOSTTOOLS_CAPABILITY" type=Service}: lifecycler::capability_client: close time.busy=500ns time.idle=4.60µs
2024-07-17T17:05:22.758055Z  INFO run_lifecycler:run_service_and_step_through_lifecycle:step_through_lifecycle:exit_capabilities{cap_type=Operation job_result=JobResult { job_status: Succeeded, error: None }}:get_cap_type{name="METRICS_CAPABILITY" type=Service}: lifecycler::capability_client: close time.busy=400ns time.idle=5.00µs
2024-07-17T17:05:22.758085Z  INFO run_lifecycler:run_service_and_step_through_lifecycle:step_through_lifecycle:exit_capabilities{cap_type=Operation job_result=JobResult { job_status: Succeeded, error: None }}:get_cap_type{name="SNAPSHOT_CAPABILITY" type=Service}: lifecycler::capability_client: close time.busy=900ns time.idle=5.90µs
2024-07-17T17:05:22.758102Z  INFO run_lifecycler:run_service_and_step_through_lifecycle:step_through_lifecycle:exit_capabilities{cap_type=Operation job_result=JobResult { job_status: Succeeded, error: None }}: lifecycler::lifecycle: close time.busy=130µs time.idle=13.7µs
2024-07-17T17:05:22.758115Z  INFO run_lifecycler:run_service_and_step_through_lifecycle:step_through_lifecycle: lifecycler::lifecycle: exited operation caps: true
2024-07-17T17:05:22.758248Z  INFO run_lifecycler:run_service_and_step_through_lifecycle:step_through_lifecycle:connect_executor:connect:connect: grpc_utils::endpoint::connect: Connecting to gRPC service endpoint=Uds("/mnt/azureml/cr/j/216458e683bd49d1919d56638bc7d4e9/.grpc/executor:0") retry=FixedIntervalRetry { attempt_timeout_millis: 50, retry_delay_millis: 10, max_duration: 7200s }
2024-07-17T17:05:22.758552Z  INFO run_lifecycler:run_service_and_step_through_lifecycle:step_through_lifecycle:connect_executor:connect:connect: grpc_utils::endpoint::connect: Successfully connected to gRPC service endpoint=Uds("/mnt/azureml/cr/j/216458e683bd49d1919d56638bc7d4e9/.grpc/executor:0")
2024-07-17T17:05:22.758634Z  INFO run_lifecycler:run_service_and_step_through_lifecycle:step_through_lifecycle:connect_executor:connect:connect: grpc_utils::endpoint::connect: close time.busy=298µs time.idle=89.2µs
2024-07-17T17:05:22.758661Z  INFO run_lifecycler:run_service_and_step_through_lifecycle:step_through_lifecycle:connect_executor:connect: lifecycler::executor_client: close time.busy=419µs time.idle=87.3µs
2024-07-17T17:05:22.758754Z  INFO run_lifecycler:run_service_and_step_through_lifecycle:step_through_lifecycle:connect_executor:connect:connect: grpc_utils::endpoint::connect: Connecting to gRPC service endpoint=Uds("/mnt/azureml/cr/j/216458e683bd49d1919d56638bc7d4e9/.grpc/executor:0") retry=FixedIntervalRetry { attempt_timeout_millis: 50, retry_delay_millis: 10, max_duration: 7200s }
2024-07-17T17:05:22.758982Z  INFO run_lifecycler:run_service_and_step_through_lifecycle:step_through_lifecycle:connect_executor:connect:connect: grpc_utils::endpoint::connect: Successfully connected to gRPC service endpoint=Uds("/mnt/azureml/cr/j/216458e683bd49d1919d56638bc7d4e9/.grpc/executor:0")
2024-07-17T17:05:22.759031Z  INFO run_lifecycler:run_service_and_step_through_lifecycle:step_through_lifecycle:connect_executor:connect:connect: grpc_utils::endpoint::connect: close time.busy=195µs time.idle=84.7µs
2024-07-17T17:05:22.759060Z  INFO run_lifecycler:run_service_and_step_through_lifecycle:step_through_lifecycle:connect_executor:connect: lifecycler::executor_client: close time.busy=303µs time.idle=84.3µs
2024-07-17T17:05:22.759148Z  INFO run_lifecycler:run_service_and_step_through_lifecycle:step_through_lifecycle:connect_executor:connect: grpc_utils::endpoint::connect: Connecting to gRPC service endpoint=Uds("/mnt/azureml/cr/j/216458e683bd49d1919d56638bc7d4e9/.grpc/executor:0") retry=FixedIntervalRetry { attempt_timeout_millis: 50, retry_delay_millis: 10, max_duration: 7200s }
2024-07-17T17:05:22.759349Z  INFO run_lifecycler:run_service_and_step_through_lifecycle:step_through_lifecycle:connect_executor:connect: grpc_utils::endpoint::connect: Successfully connected to gRPC service endpoint=Uds("/mnt/azureml/cr/j/216458e683bd49d1919d56638bc7d4e9/.grpc/executor:0")
2024-07-17T17:05:22.759410Z  INFO run_lifecycler:run_service_and_step_through_lifecycle:step_through_lifecycle:connect_executor:connect: grpc_utils::endpoint::connect: close time.busy=191µs time.idle=75.0µs
2024-07-17T17:05:22.759451Z  INFO run_lifecycler:run_service_and_step_through_lifecycle:step_through_lifecycle:connect_executor:wait_for_service_healthy: lifecycler::health_monitor: Waiting for service to become healthy: Executor service_name=Executor timeout=30s
2024-07-17T17:05:22.759493Z  WARN run_lifecycler:run_service_and_step_through_lifecycle:step_through_lifecycle:connect_executor:wait_for_service_healthy: grpc_utils::span: failed to inject span context to grpc request
2024-07-17T17:05:22.760011Z  INFO run_lifecycler:run_service_and_step_through_lifecycle:step_through_lifecycle:connect_executor:wait_for_service_healthy: lifecycler::health_client: Health status for service: Executor service_name=Executor health_status=1
2024-07-17T17:05:22.760052Z  INFO run_lifecycler:run_service_and_step_through_lifecycle:step_through_lifecycle:connect_executor:wait_for_service_healthy: lifecycler::health_monitor: Service has become healthy service_name=Executor
2024-07-17T17:05:22.760070Z  INFO run_lifecycler:run_service_and_step_through_lifecycle:step_through_lifecycle:connect_executor:wait_for_service_healthy: lifecycler::health_monitor: close time.busy=193µs time.idle=434µs
2024-07-17T17:05:22.760091Z  INFO run_lifecycler:run_service_and_step_through_lifecycle:step_through_lifecycle:connect_executor: lifecycler::lifecycle: close time.busy=1.28ms time.idle=667µs
2024-07-17T17:05:22.760164Z  INFO run_lifecycler:run_service_and_step_through_lifecycle:step_through_lifecycle:connect_lifecyclers{lifecycler_addresses=None}: lifecycler::lifecycle: close time.busy=1.00µs time.idle=51.5µs
2024-07-17T17:05:22.760219Z  INFO run_lifecycler:run_service_and_step_through_lifecycle:step_through_lifecycle:execute: lifecycler::lifecycle: entering phase rank=None phase=0 is_leader=true entered_phases=false
2024-07-17T17:05:22.760253Z  INFO run_lifecycler:run_service_and_step_through_lifecycle:step_through_lifecycle:execute:barrier_sync: lifecycler::lifecycle: close time.busy=700ns time.idle=2.40µs
2024-07-17T17:05:22.760330Z  INFO run_lifecycler:run_service_and_step_through_lifecycle:step_through_lifecycle:execute: lifecycler::lifecycle: Successfully got AzureML Context from environment, updating Run History with new run attempt
2024-07-17T17:05:22.760351Z  WARN run_lifecycler:run_service_and_step_through_lifecycle:step_through_lifecycle:execute: lifecycler::lifecycle: Skip updating run_attempt since cannot find AZUREML_CR_ENABLE_RUN_ATTEMPT_COUNT_BY_RUN_HISTORY from environment
2024-07-17T17:05:22.760386Z  INFO run_lifecycler:run_service_and_step_through_lifecycle:step_through_lifecycle:execute: lifecycler::lifecycle: starting phase execution rank=None phase=0
2024-07-17T17:05:22.760406Z  INFO run_lifecycler:run_service_and_step_through_lifecycle:step_through_lifecycle:execute: lifecycler::lifecycle: executing phase commands rank=None phase=0
2024-07-17T17:05:22.760435Z  INFO run_lifecycler:run_service_and_step_through_lifecycle:step_through_lifecycle:execute:executor_client::execute_commands{lifecycle_address="/mnt/azureml/cr/j/216458e683bd49d1919d56638bc7d4e9/.grpc/lifecycler:0" scheduling=None debug_mode=Some(false)}: lifecycler::executor_client: Executing commands
2024-07-17T17:05:22.760500Z  WARN run_lifecycler:run_service_and_step_through_lifecycle:step_through_lifecycle:execute:executor_client::execute_commands{lifecycle_address="/mnt/azureml/cr/j/216458e683bd49d1919d56638bc7d4e9/.grpc/lifecycler:0" scheduling=None debug_mode=Some(false)}:executor_client::start_execution{lifecycler_address="/mnt/azureml/cr/j/216458e683bd49d1919d56638bc7d4e9/.grpc/lifecycler:0" debug_mode=Some(false) commands_f=Command(Command { executable: Shell { path: None, command: "python infogain_feature_selection.py --train_data $AZUREML_DATAREFERENCE_train_data --test_data $AZUREML_DATAREFERENCE_test_data --feature_quantity $AZUREML_PARAMETER_feature_quantity --train_data_feat_sel $AZURE_ML_OUTPUT_train_data_feat_sel --test_data_feat_sel $AZURE_ML_OUTPUT_test_data_feat_sel\n\n\n\n", success_return_code: Zero { additional_codes: [] } }, stderr: None, stdout: Some("user_logs/std_log.txt") }) path_mappings_f={}}: grpc_utils::span: failed to inject span context to grpc request
2024-07-17T17:05:22.760522Z  INFO run_lifecycler:run_service_and_step_through_lifecycle:step_through_lifecycle:execute:executor_client::execute_commands{lifecycle_address="/mnt/azureml/cr/j/216458e683bd49d1919d56638bc7d4e9/.grpc/lifecycler:0" scheduling=None debug_mode=Some(false)}:executor_client::start_execution{lifecycler_address="/mnt/azureml/cr/j/216458e683bd49d1919d56638bc7d4e9/.grpc/lifecycler:0" debug_mode=Some(false) commands_f=Command(Command { executable: Shell { path: None, command: "python infogain_feature_selection.py --train_data $AZUREML_DATAREFERENCE_train_data --test_data $AZUREML_DATAREFERENCE_test_data --feature_quantity $AZUREML_PARAMETER_feature_quantity --train_data_feat_sel $AZURE_ML_OUTPUT_train_data_feat_sel --test_data_feat_sel $AZURE_ML_OUTPUT_test_data_feat_sel\n\n\n\n", success_return_code: Zero { additional_codes: [] } }, stderr: None, stdout: Some("user_logs/std_log.txt") }) path_mappings_f={}}: lifecycler::executor_client: Starting execution execution_id=26b2dea6-74be-4196-ac06-4f01dee131df lifecycler_address=/mnt/azureml/cr/j/216458e683bd49d1919d56638bc7d4e9/.grpc/lifecycler:0
2024-07-17T17:05:22.765881Z  INFO run_lifecycler:run_service_and_step_through_lifecycle:step_through_lifecycle:execute:executor_client::execute_commands{lifecycle_address="/mnt/azureml/cr/j/216458e683bd49d1919d56638bc7d4e9/.grpc/lifecycler:0" scheduling=None debug_mode=Some(false)}:executor_client::start_execution{lifecycler_address="/mnt/azureml/cr/j/216458e683bd49d1919d56638bc7d4e9/.grpc/lifecycler:0" debug_mode=Some(false) commands_f=Command(Command { executable: Shell { path: None, command: "python infogain_feature_selection.py --train_data $AZUREML_DATAREFERENCE_train_data --test_data $AZUREML_DATAREFERENCE_test_data --feature_quantity $AZUREML_PARAMETER_feature_quantity --train_data_feat_sel $AZURE_ML_OUTPUT_train_data_feat_sel --test_data_feat_sel $AZURE_ML_OUTPUT_test_data_feat_sel\n\n\n\n", success_return_code: Zero { additional_codes: [] } }, stderr: None, stdout: Some("user_logs/std_log.txt") }) path_mappings_f={}}: lifecycler::executor_client: close time.busy=115µs time.idle=5.30ms
2024-07-17T17:05:22.765907Z  INFO run_lifecycler:run_service_and_step_through_lifecycle:step_through_lifecycle:execute:executor_client::execute_commands{lifecycle_address="/mnt/azureml/cr/j/216458e683bd49d1919d56638bc7d4e9/.grpc/lifecycler:0" scheduling=None debug_mode=Some(false)}: lifecycler::executor_client: Waiting for execution completion execution_id="26b2dea6-74be-4196-ac06-4f01dee131df"
2024-07-17T17:06:00.162376Z  WARN grpc_utils::span: failed to inject span context to grpc request
2024-07-17T17:06:00.162456Z  WARN grpc_utils::span: failed to inject span context to grpc request
2024-07-17T17:06:00.162488Z  WARN grpc_utils::span: failed to inject span context to grpc request
2024-07-17T17:06:00.162512Z  WARN grpc_utils::span: failed to inject span context to grpc request
2024-07-17T17:06:00.162533Z  WARN grpc_utils::span: failed to inject span context to grpc request
2024-07-17T17:06:00.162558Z  WARN grpc_utils::span: failed to inject span context to grpc request
2024-07-17T17:06:40.165027Z  WARN grpc_utils::span: failed to inject span context to grpc request
2024-07-17T17:06:40.165106Z  WARN grpc_utils::span: failed to inject span context to grpc request
2024-07-17T17:06:40.165157Z  WARN grpc_utils::span: failed to inject span context to grpc request
2024-07-17T17:06:40.165183Z  WARN grpc_utils::span: failed to inject span context to grpc request
2024-07-17T17:06:40.165207Z  WARN grpc_utils::span: failed to inject span context to grpc request
2024-07-17T17:06:40.165232Z  WARN grpc_utils::span: failed to inject span context to grpc request
2024-07-17T17:07:20.168459Z  WARN grpc_utils::span: failed to inject span context to grpc request
2024-07-17T17:07:20.168538Z  WARN grpc_utils::span: failed to inject span context to grpc request
2024-07-17T17:07:20.168573Z  WARN grpc_utils::span: failed to inject span context to grpc request
2024-07-17T17:07:20.168603Z  WARN grpc_utils::span: failed to inject span context to grpc request
2024-07-17T17:07:20.168664Z  WARN grpc_utils::span: failed to inject span context to grpc request
2024-07-17T17:07:20.168682Z  WARN grpc_utils::span: failed to inject span context to grpc request
2024-07-17T17:08:00.171855Z  WARN grpc_utils::span: failed to inject span context to grpc request
2024-07-17T17:08:00.171917Z  WARN grpc_utils::span: failed to inject span context to grpc request
2024-07-17T17:08:00.171945Z  WARN grpc_utils::span: failed to inject span context to grpc request
2024-07-17T17:08:00.171980Z  WARN grpc_utils::span: failed to inject span context to grpc request
2024-07-17T17:08:00.172002Z  WARN grpc_utils::span: failed to inject span context to grpc request
2024-07-17T17:08:00.172020Z  WARN grpc_utils::span: failed to inject span context to grpc request
2024-07-17T17:08:00.173410Z  INFO lifecycler::health_client: Health status for service: METRICS_CAPABILITY service_name=METRICS_CAPABILITY health_status=1
2024-07-17T17:08:00.173567Z  INFO lifecycler::health_client: Health status for service: CS_CAPABILITY service_name=CS_CAPABILITY health_status=1
2024-07-17T17:08:00.173627Z  INFO lifecycler::health_client: Health status for service: SNAPSHOT_CAPABILITY service_name=SNAPSHOT_CAPABILITY health_status=1
2024-07-17T17:08:00.173683Z  INFO lifecycler::health_client: Health status for service: Executor service_name=Executor health_status=1
2024-07-17T17:08:00.173747Z  INFO lifecycler::health_client: Health status for service: DATA_CAPABILITY service_name=DATA_CAPABILITY health_status=1
2024-07-17T17:08:00.173792Z  INFO lifecycler::health_client: Health status for service: HOSTTOOLS_CAPABILITY service_name=HOSTTOOLS_CAPABILITY health_status=1
2024-07-17T17:08:36.333196Z  INFO ExecutionCallbackServicer::complete_execution: grpc_utils::server: Got grpc request request_name="complete_execution" remote_addr=None
2024-07-17T17:08:36.333273Z  INFO ExecutionCallbackServicer::complete_execution: lifecycler::service: close time.busy=83.2µs time.idle=13.2µs
2024-07-17T17:08:36.333304Z  INFO run_lifecycler:run_service_and_step_through_lifecycle:step_through_lifecycle:execute:executor_client::execute_commands{lifecycle_address="/mnt/azureml/cr/j/216458e683bd49d1919d56638bc7d4e9/.grpc/lifecycler:0" scheduling=None debug_mode=Some(false)}:executor_client::wait_for_execution_completion{execution_id="26b2dea6-74be-4196-ac06-4f01dee131df"}: lifecycler::executor_client: close time.busy=5.30µs time.idle=194s
2024-07-17T17:08:36.333354Z  INFO run_lifecycler:run_service_and_step_through_lifecycle:step_through_lifecycle:execute:executor_client::execute_commands{lifecycle_address="/mnt/azureml/cr/j/216458e683bd49d1919d56638bc7d4e9/.grpc/lifecycler:0" scheduling=None debug_mode=Some(false)}: lifecycler::executor_client: Execution completed execution_id="26b2dea6-74be-4196-ac06-4f01dee131df"
2024-07-17T17:08:36.333396Z  INFO run_lifecycler:run_service_and_step_through_lifecycle:step_through_lifecycle:execute:executor_client::execute_commands{lifecycle_address="/mnt/azureml/cr/j/216458e683bd49d1919d56638bc7d4e9/.grpc/lifecycler:0" scheduling=None debug_mode=Some(false)}: lifecycler::executor_client: close time.busy=307µs time.idle=194s
2024-07-17T17:08:36.333419Z  INFO run_lifecycler:run_service_and_step_through_lifecycle:step_through_lifecycle:execute: lifecycler::lifecycle: phase execution completed. rank=None phase=0
2024-07-17T17:08:36.333571Z  INFO run_lifecycler:run_service_and_step_through_lifecycle:step_through_lifecycle:execute: lifecycler::lifecycle: close time.busy=734µs time.idle=194s
2024-07-17T17:08:36.333738Z  INFO run_lifecycler:run_service_and_step_through_lifecycle:step_through_lifecycle:end_service_capabilities:get_cap_type{name="CS_CAPABILITY" type=Service}: lifecycler::capability_client: close time.busy=400ns time.idle=4.60µs
2024-07-17T17:08:36.333754Z  INFO run_lifecycler:run_service_and_step_through_lifecycle:step_through_lifecycle:end_service_capabilities:get_cap_type{name="DATA_CAPABILITY" type=Service}: lifecycler::capability_client: close time.busy=300ns time.idle=2.30µs
2024-07-17T17:08:36.333798Z  INFO run_lifecycler:run_service_and_step_through_lifecycle:step_through_lifecycle:end_service_capabilities:get_cap_type{name="HOSTTOOLS_CAPABILITY" type=Service}: lifecycler::capability_client: close time.busy=700ns time.idle=7.50µs
2024-07-17T17:08:36.333826Z  INFO run_lifecycler:run_service_and_step_through_lifecycle:step_through_lifecycle:end_service_capabilities:get_cap_type{name="METRICS_CAPABILITY" type=Service}: lifecycler::capability_client: close time.busy=600ns time.idle=6.70µs
2024-07-17T17:08:36.333845Z  INFO run_lifecycler:run_service_and_step_through_lifecycle:step_through_lifecycle:end_service_capabilities:get_cap_type{name="SNAPSHOT_CAPABILITY" type=Service}: lifecycler::capability_client: close time.busy=600ns time.idle=4.10µs
2024-07-17T17:08:36.333904Z  WARN run_lifecycler:run_service_and_step_through_lifecycle:step_through_lifecycle:end_service_capabilities:end{name="CS_CAPABILITY"}: grpc_utils::span: failed to inject span context to grpc request
2024-07-17T17:08:36.333945Z  WARN run_lifecycler:run_service_and_step_through_lifecycle:step_through_lifecycle:end_service_capabilities:end{name="DATA_CAPABILITY"}: grpc_utils::span: failed to inject span context to grpc request
2024-07-17T17:08:36.333982Z  WARN run_lifecycler:run_service_and_step_through_lifecycle:step_through_lifecycle:end_service_capabilities:end{name="HOSTTOOLS_CAPABILITY"}: grpc_utils::span: failed to inject span context to grpc request
2024-07-17T17:08:36.334012Z  WARN run_lifecycler:run_service_and_step_through_lifecycle:step_through_lifecycle:end_service_capabilities:end{name="METRICS_CAPABILITY"}: grpc_utils::span: failed to inject span context to grpc request
2024-07-17T17:08:36.334076Z  WARN run_lifecycler:run_service_and_step_through_lifecycle:step_through_lifecycle:end_service_capabilities:end{name="SNAPSHOT_CAPABILITY"}: grpc_utils::span: failed to inject span context to grpc request
2024-07-17T17:08:36.334610Z  INFO run_lifecycler:run_service_and_step_through_lifecycle:step_through_lifecycle:end_service_capabilities:end{name="METRICS_CAPABILITY"}: lifecycler::capability_client: Received success code for end cap_name=METRICS_CAPABILITY
2024-07-17T17:08:36.334679Z  INFO run_lifecycler:run_service_and_step_through_lifecycle:step_through_lifecycle:end_service_capabilities:end{name="METRICS_CAPABILITY"}: lifecycler::capability_client: close time.busy=154µs time.idle=518µs
2024-07-17T17:08:36.334946Z  INFO run_lifecycler:run_service_and_step_through_lifecycle:step_through_lifecycle:end_service_capabilities:end{name="SNAPSHOT_CAPABILITY"}: lifecycler::capability_client: Received success code for end cap_name=SNAPSHOT_CAPABILITY
2024-07-17T17:08:36.334985Z  INFO run_lifecycler:run_service_and_step_through_lifecycle:step_through_lifecycle:end_service_capabilities:end{name="SNAPSHOT_CAPABILITY"}: lifecycler::capability_client: close time.busy=121µs time.idle=793µs
2024-07-17T17:08:36.444737Z  INFO run_lifecycler:run_service_and_step_through_lifecycle:step_through_lifecycle:end_service_capabilities:end{name="CS_CAPABILITY"}: lifecycler::capability_client: Received success code for end cap_name=CS_CAPABILITY
2024-07-17T17:08:36.444800Z  INFO run_lifecycler:run_service_and_step_through_lifecycle:step_through_lifecycle:end_service_capabilities:end{name="CS_CAPABILITY"}: lifecycler::capability_client: close time.busy=162µs time.idle=111ms
